2015-07-06 21:26:08 [::1][-][-][error][yii\db\Exception] exception 'PDOException' with message 'SQLSTATE[HY000] [1045] Access denied for user 'root'@'localhost' (using password: YES)' in C:\xampp\htdocs\ACCIMT-PRIS\src\vendor\yiisoft\yii2\db\Connection.php:579
Stack trace:
#0 C:\xampp\htdocs\ACCIMT-PRIS\src\vendor\yiisoft\yii2\db\Connection.php(579): PDO->__construct('mysql:host=loca...', 'root', '711246252', NULL)
#1 C:\xampp\htdocs\ACCIMT-PRIS\src\vendor\yiisoft\yii2\db\Connection.php(529): yii\db\Connection->createPdoInstance()
#2 C:\xampp\htdocs\ACCIMT-PRIS\src\vendor\yiisoft\yii2\db\Connection.php(836): yii\db\Connection->open()
#3 C:\xampp\htdocs\ACCIMT-PRIS\src\vendor\yiisoft\yii2\db\Connection.php(823): yii\db\Connection->getMasterPdo()
#4 C:\xampp\htdocs\ACCIMT-PRIS\src\vendor\yiisoft\yii2\db\Command.php(206): yii\db\Connection->getSlavePdo()
#5 C:\xampp\htdocs\ACCIMT-PRIS\src\vendor\yiisoft\yii2\db\Command.php(819): yii\db\Command->prepare(true)
#6 C:\xampp\htdocs\ACCIMT-PRIS\src\vendor\yiisoft\yii2\db\Command.php(392): yii\db\Command->queryInternal('fetchAll', 7)
#7 C:\xampp\htdocs\ACCIMT-PRIS\src\vendor\yiisoft\yii2\db\mysql\Schema.php(308): yii\db\Command->queryColumn()
#8 C:\xampp\htdocs\ACCIMT-PRIS\src\vendor\yiisoft\yii2\db\Schema.php(228): yii\db\mysql\Schema->findTableNames('')
#9 C:\xampp\htdocs\ACCIMT-PRIS\src\vendor\yiisoft\yii2-gii\generators\model\Generator.php(151): yii\db\Schema->getTableNames()
#10 [internal function]: yii\gii\generators\model\Generator->yii\gii\generators\model\{closure}()
#11 C:\xampp\htdocs\ACCIMT-PRIS\src\vendor\yiisoft\yii2-gii\components\ActiveField.php(41): call_user_func(Object(Closure))
#12 C:\xampp\htdocs\ACCIMT-PRIS\src\vendor\yiisoft\yii2\base\Object.php(107): yii\gii\components\ActiveField->init()
#13 [internal function]: yii\base\Object->__construct(Array)
#14 C:\xampp\htdocs\ACCIMT-PRIS\src\vendor\yiisoft\yii2\di\Container.php(372): ReflectionClass->newInstanceArgs(Array)
#15 C:\xampp\htdocs\ACCIMT-PRIS\src\vendor\yiisoft\yii2\di\Container.php(151): yii\di\Container->build('yii\\gii\\compone...', Array, Array)
#16 C:\xampp\htdocs\ACCIMT-PRIS\src\vendor\yiisoft\yii2\BaseYii.php(344): yii\di\Container->get('yii\\gii\\compone...', Array, Array)
#17 C:\xampp\htdocs\ACCIMT-PRIS\src\vendor\yiisoft\yii2\widgets\ActiveForm.php(281): yii\BaseYii::createObject(Array)
#18 C:\xampp\htdocs\ACCIMT-PRIS\src\vendor\yiisoft\yii2-gii\generators\model\form.php(6): yii\widgets\ActiveForm->field(Object(yii\gii\generators\model\Generator), 'tableName')
#19 C:\xampp\htdocs\ACCIMT-PRIS\src\vendor\yiisoft\yii2\base\View.php(325): require('C:\\xampp\\htdocs...')
#20 C:\xampp\htdocs\ACCIMT-PRIS\src\vendor\yiisoft\yii2\base\View.php(247): yii\base\View->renderPhpFile('C:\\xampp\\htdocs...', Array)
#21 C:\xampp\htdocs\ACCIMT-PRIS\src\vendor\yiisoft\yii2-gii\views\default\view.php(38): yii\base\View->renderFile('C:\\xampp\\htdocs...', Array)
#22 C:\xampp\htdocs\ACCIMT-PRIS\src\vendor\yiisoft\yii2\base\View.php(325): require('C:\\xampp\\htdocs...')
#23 C:\xampp\htdocs\ACCIMT-PRIS\src\vendor\yiisoft\yii2\base\View.php(247): yii\base\View->renderPhpFile('C:\\xampp\\htdocs...', Array)
#24 C:\xampp\htdocs\ACCIMT-PRIS\src\vendor\yiisoft\yii2\base\View.php(149): yii\base\View->renderFile('C:\\xampp\\htdocs...', Array, Object(yii\gii\controllers\DefaultController))
#25 C:\xampp\htdocs\ACCIMT-PRIS\src\vendor\yiisoft\yii2\base\Controller.php(371): yii\base\View->render('view', Array, Object(yii\gii\controllers\DefaultController))
#26 C:\xampp\htdocs\ACCIMT-PRIS\src\vendor\yiisoft\yii2-gii\controllers\DefaultController.php(56): yii\base\Controller->render('view', Array)
#27 [internal function]: yii\gii\controllers\DefaultController->actionView('model')
#28 C:\xampp\htdocs\ACCIMT-PRIS\src\vendor\yiisoft\yii2\base\InlineAction.php(55): call_user_func_array(Array, Array)
#29 C:\xampp\htdocs\ACCIMT-PRIS\src\vendor\yiisoft\yii2\base\Controller.php(151): yii\base\InlineAction->runWithParams(Array)
#30 C:\xampp\htdocs\ACCIMT-PRIS\src\vendor\yiisoft\yii2\base\Module.php(455): yii\base\Controller->runAction('view', Array)
#31 C:\xampp\htdocs\ACCIMT-PRIS\src\vendor\yiisoft\yii2\web\Application.php(84): yii\base\Module->runAction('gii/default/vie...', Array)
#32 C:\xampp\htdocs\ACCIMT-PRIS\src\vendor\yiisoft\yii2\base\Application.php(375): yii\web\Application->handleRequest(Object(yii\web\Request))
#33 C:\xampp\htdocs\ACCIMT-PRIS\src\web\index.php(12): yii\base\Application->run()
#34 {main}

Next exception 'yii\db\Exception' with message 'SQLSTATE[HY000] [1045] Access denied for user 'root'@'localhost' (using password: YES)' in C:\xampp\htdocs\ACCIMT-PRIS\src\vendor\yiisoft\yii2\db\Connection.php:534
Stack trace:
#0 C:\xampp\htdocs\ACCIMT-PRIS\src\vendor\yiisoft\yii2\db\Connection.php(836): yii\db\Connection->open()
#1 C:\xampp\htdocs\ACCIMT-PRIS\src\vendor\yiisoft\yii2\db\Connection.php(823): yii\db\Connection->getMasterPdo()
#2 C:\xampp\htdocs\ACCIMT-PRIS\src\vendor\yiisoft\yii2\db\Command.php(206): yii\db\Connection->getSlavePdo()
#3 C:\xampp\htdocs\ACCIMT-PRIS\src\vendor\yiisoft\yii2\db\Command.php(819): yii\db\Command->prepare(true)
#4 C:\xampp\htdocs\ACCIMT-PRIS\src\vendor\yiisoft\yii2\db\Command.php(392): yii\db\Command->queryInternal('fetchAll', 7)
#5 C:\xampp\htdocs\ACCIMT-PRIS\src\vendor\yiisoft\yii2\db\mysql\Schema.php(308): yii\db\Command->queryColumn()
#6 C:\xampp\htdocs\ACCIMT-PRIS\src\vendor\yiisoft\yii2\db\Schema.php(228): yii\db\mysql\Schema->findTableNames('')
#7 C:\xampp\htdocs\ACCIMT-PRIS\src\vendor\yiisoft\yii2-gii\generators\model\Generator.php(151): yii\db\Schema->getTableNames()
#8 [internal function]: yii\gii\generators\model\Generator->yii\gii\generators\model\{closure}()
#9 C:\xampp\htdocs\ACCIMT-PRIS\src\vendor\yiisoft\yii2-gii\components\ActiveField.php(41): call_user_func(Object(Closure))
#10 C:\xampp\htdocs\ACCIMT-PRIS\src\vendor\yiisoft\yii2\base\Object.php(107): yii\gii\components\ActiveField->init()
#11 [internal function]: yii\base\Object->__construct(Array)
#12 C:\xampp\htdocs\ACCIMT-PRIS\src\vendor\yiisoft\yii2\di\Container.php(372): ReflectionClass->newInstanceArgs(Array)
#13 C:\xampp\htdocs\ACCIMT-PRIS\src\vendor\yiisoft\yii2\di\Container.php(151): yii\di\Container->build('yii\\gii\\compone...', Array, Array)
#14 C:\xampp\htdocs\ACCIMT-PRIS\src\vendor\yiisoft\yii2\BaseYii.php(344): yii\di\Container->get('yii\\gii\\compone...', Array, Array)
#15 C:\xampp\htdocs\ACCIMT-PRIS\src\vendor\yiisoft\yii2\widgets\ActiveForm.php(281): yii\BaseYii::createObject(Array)
#16 C:\xampp\htdocs\ACCIMT-PRIS\src\vendor\yiisoft\yii2-gii\generators\model\form.php(6): yii\widgets\ActiveForm->field(Object(yii\gii\generators\model\Generator), 'tableName')
#17 C:\xampp\htdocs\ACCIMT-PRIS\src\vendor\yiisoft\yii2\base\View.php(325): require('C:\\xampp\\htdocs...')
#18 C:\xampp\htdocs\ACCIMT-PRIS\src\vendor\yiisoft\yii2\base\View.php(247): yii\base\View->renderPhpFile('C:\\xampp\\htdocs...', Array)
#19 C:\xampp\htdocs\ACCIMT-PRIS\src\vendor\yiisoft\yii2-gii\views\default\view.php(38): yii\base\View->renderFile('C:\\xampp\\htdocs...', Array)
#20 C:\xampp\htdocs\ACCIMT-PRIS\src\vendor\yiisoft\yii2\base\View.php(325): require('C:\\xampp\\htdocs...')
#21 C:\xampp\htdocs\ACCIMT-PRIS\src\vendor\yiisoft\yii2\base\View.php(247): yii\base\View->renderPhpFile('C:\\xampp\\htdocs...', Array)
#22 C:\xampp\htdocs\ACCIMT-PRIS\src\vendor\yiisoft\yii2\base\View.php(149): yii\base\View->renderFile('C:\\xampp\\htdocs...', Array, Object(yii\gii\controllers\DefaultController))
#23 C:\xampp\htdocs\ACCIMT-PRIS\src\vendor\yiisoft\yii2\base\Controller.php(371): yii\base\View->render('view', Array, Object(yii\gii\controllers\DefaultController))
#24 C:\xampp\htdocs\ACCIMT-PRIS\src\vendor\yiisoft\yii2-gii\controllers\DefaultController.php(56): yii\base\Controller->render('view', Array)
#25 [internal function]: yii\gii\controllers\DefaultController->actionView('model')
#26 C:\xampp\htdocs\ACCIMT-PRIS\src\vendor\yiisoft\yii2\base\InlineAction.php(55): call_user_func_array(Array, Array)
#27 C:\xampp\htdocs\ACCIMT-PRIS\src\vendor\yiisoft\yii2\base\Controller.php(151): yii\base\InlineAction->runWithParams(Array)
#28 C:\xampp\htdocs\ACCIMT-PRIS\src\vendor\yiisoft\yii2\base\Module.php(455): yii\base\Controller->runAction('view', Array)
#29 C:\xampp\htdocs\ACCIMT-PRIS\src\vendor\yiisoft\yii2\web\Application.php(84): yii\base\Module->runAction('gii/default/vie...', Array)
#30 C:\xampp\htdocs\ACCIMT-PRIS\src\vendor\yiisoft\yii2\base\Application.php(375): yii\web\Application->handleRequest(Object(yii\web\Request))
#31 C:\xampp\htdocs\ACCIMT-PRIS\src\web\index.php(12): yii\base\Application->run()
#32 {main}
Additional Information:

2015-07-06 21:26:08 [::1][-][-][info][application] $_GET = [
    'r' => 'gii/default/view'
    'id' => 'model'
]

$_COOKIE = [
    '_csrf' => '46e65b3ea3f8d50b62bbbeed7d6b315c8ab7482b3431ab6c9fd471938959d536a:2:{i:0;s:5:\"_csrf\";i:1;s:32:\"2BD6BoR0y-z9FVwK9KQ7g_UYtvH8pEru\";}'
    '_identity' => 'f8bc47592ba611ef36b8b37f5deb37bc4e4bf0cb0ee203f97a9f15693b39cda8a:2:{i:0;s:9:\"_identity\";i:1;s:28:\"[\"100\",\"test100key\",2592000]\";}'
    'PHPSESSID' => 'nrsffsd8m7mlads0uuu3dvlei4'
]

$_SERVER = [
    'MIBDIRS' => 'C:/xampp/php/extras/mibs'
    'MYSQL_HOME' => '\\xampp\\mysql\\bin'
    'OPENSSL_CONF' => 'C:/xampp/apache/bin/openssl.cnf'
    'PHP_PEAR_SYSCONF_DIR' => '\\xampp\\php'
    'PHPRC' => '\\xampp\\php'
    'TMP' => '\\xampp\\tmp'
    'HTTP_HOST' => 'localhost'
    'HTTP_CONNECTION' => 'keep-alive'
    'HTTP_ACCEPT' => 'text/html,application/xhtml+xml,application/xml;q=0.9,image/webp,*/*;q=0.8'
    'HTTP_USER_AGENT' => 'Mozilla/5.0 (Windows NT 6.3; WOW64) AppleWebKit/537.36 (KHTML, like Gecko) Chrome/43.0.2357.130 Safari/537.36'
    'HTTP_REFERER' => 'http://localhost/ACCIMT-PRIS/src/web/index.php?r=gii'
    'HTTP_ACCEPT_ENCODING' => 'gzip, deflate, sdch'
    'HTTP_ACCEPT_LANGUAGE' => 'en-US,en;q=0.8,ms;q=0.6'
    'HTTP_COOKIE' => '_csrf=46e65b3ea3f8d50b62bbbeed7d6b315c8ab7482b3431ab6c9fd471938959d536a%3A2%3A%7Bi%3A0%3Bs%3A5%3A%22_csrf%22%3Bi%3A1%3Bs%3A32%3A%222BD6BoR0y-z9FVwK9KQ7g_UYtvH8pEru%22%3B%7D; _identity=f8bc47592ba611ef36b8b37f5deb37bc4e4bf0cb0ee203f97a9f15693b39cda8a%3A2%3A%7Bi%3A0%3Bs%3A9%3A%22_identity%22%3Bi%3A1%3Bs%3A28%3A%22%5B%22100%22%2C%22test100key%22%2C2592000%5D%22%3B%7D; PHPSESSID=nrsffsd8m7mlads0uuu3dvlei4'
    'PATH' => 'C:\\ProgramData\\Oracle\\Java\\javapath;C:\\Program Files (x86)\\NVIDIA Corporation\\PhysX\\Common;C:\\Program Files (x86)\\Intel\\iCLS Client\\;C:\\Program Files\\Intel\\iCLS Client\\;C:\\Windows\\system32;C:\\Windows;C:\\Windows\\System32\\Wbem;C:\\Windows\\System32\\WindowsPowerShell\\v1.0\\;C:\\Program Files\\Intel\\Intel(R) Management Engine Components\\DAL;C:\\Program Files\\Intel\\Intel(R) Management Engine Components\\IPT;C:\\Program Files (x86)\\Intel\\Intel(R) Management Engine Components\\DAL;C:\\Program Files (x86)\\Intel\\Intel(R) Management Engine Components\\IPT;C:\\Program Files (x86)\\Intel\\OpenCL SDK\\3.0\\bin\\x86;C:\\Program Files (x86)\\Intel\\OpenCL SDK\\3.0\\bin\\x64;C:\\Program Files (x86)\\Git\\cmd;C:\\xampp\\php;C:\\Program Files (x86)\\Windows Kits\\8.1\\Windows Performance Toolkit\\;C:\\Program Files\\Microsoft SQL Server\\110\\Tools\\Binn\\;C:\\Program Files (x86)\\Microsoft SDKs\\TypeScript\\1.0\\;C:\\xampp\\mysql\\bin;C:\\Program Files (x86)\\GtkSharp\\2.12\\bin;C:\\ant\\bin;C:\\Program Files\\nodejs\\;C:\\Program Files\\nodejs;C:\\Users\\Janaka\\AppData\\Local\\Android\\sdk\\platform-tools;C:\\Users\\Janaka\\AppData\\Local\\Android\\sdk\\tools;C:\\Program Files\\Java\\jdk1.8.0_45\\bin;C:\\Program Files (x86)\\Common Files\\lenovo\\easyplussdk\\bin;C:\\Program Files (x86)\\Wave Engine\\Tools\\AssetsExporter;C:\\Users\\Janaka\\AppData\\Roaming\\npm'
    'SystemRoot' => 'C:\\Windows'
    'COMSPEC' => 'C:\\Windows\\system32\\cmd.exe'
    'PATHEXT' => '.COM;.EXE;.BAT;.CMD;.VBS;.VBE;.JS;.JSE;.WSF;.WSH;.MSC'
    'WINDIR' => 'C:\\Windows'
    'SERVER_SIGNATURE' => '<address>Apache/2.4.10 (Win32) OpenSSL/1.0.1i PHP/5.5.19 Server at localhost Port 80</address>
'
    'SERVER_SOFTWARE' => 'Apache/2.4.10 (Win32) OpenSSL/1.0.1i PHP/5.5.19'
    'SERVER_NAME' => 'localhost'
    'SERVER_ADDR' => '::1'
    'SERVER_PORT' => '80'
    'REMOTE_ADDR' => '::1'
    'DOCUMENT_ROOT' => 'C:/xampp/htdocs'
    'REQUEST_SCHEME' => 'http'
    'CONTEXT_PREFIX' => ''
    'CONTEXT_DOCUMENT_ROOT' => 'C:/xampp/htdocs'
    'SERVER_ADMIN' => 'postmaster@localhost'
    'SCRIPT_FILENAME' => 'C:/xampp/htdocs/ACCIMT-PRIS/src/web/index.php'
    'REMOTE_PORT' => '8042'
    'GATEWAY_INTERFACE' => 'CGI/1.1'
    'SERVER_PROTOCOL' => 'HTTP/1.1'
    'REQUEST_METHOD' => 'GET'
    'QUERY_STRING' => 'r=gii%2Fdefault%2Fview&id=model'
    'REQUEST_URI' => '/ACCIMT-PRIS/src/web/index.php?r=gii%2Fdefault%2Fview&id=model'
    'SCRIPT_NAME' => '/ACCIMT-PRIS/src/web/index.php'
    'PHP_SELF' => '/ACCIMT-PRIS/src/web/index.php'
    'REQUEST_TIME_FLOAT' => 1436210768.664
    'REQUEST_TIME' => 1436210768
]
2015-07-08 16:40:27 [::1][-][nrsffsd8m7mlads0uuu3dvlei4][error][yii\base\ErrorException:1] exception 'yii\base\ErrorException' with message 'Call to undefined method app\models\User::findIdentity()' in C:\xampp\htdocs\ACCIMT-PRIS\src\vendor\yiisoft\yii2\web\User.php:614
Stack trace:
#0 [internal function]: yii\base\ErrorHandler->handleFatalError()
#1 {main}
2015-07-08 16:40:27 [::1][-][nrsffsd8m7mlads0uuu3dvlei4][info][application] $_COOKIE = [
    '_csrf' => '46e65b3ea3f8d50b62bbbeed7d6b315c8ab7482b3431ab6c9fd471938959d536a:2:{i:0;s:5:\"_csrf\";i:1;s:32:\"2BD6BoR0y-z9FVwK9KQ7g_UYtvH8pEru\";}'
    '_identity' => 'f8bc47592ba611ef36b8b37f5deb37bc4e4bf0cb0ee203f97a9f15693b39cda8a:2:{i:0;s:9:\"_identity\";i:1;s:28:\"[\"100\",\"test100key\",2592000]\";}'
    'PHPSESSID' => 'nrsffsd8m7mlads0uuu3dvlei4'
]

$_SESSION = [
    '__flash' => []
    '__id' => '100'
    '__captcha/site/captcha' => 'xajxqi'
    '__captcha/site/captchacount' => 1
]

$_SERVER = [
    'MIBDIRS' => 'C:/xampp/php/extras/mibs'
    'MYSQL_HOME' => '\\xampp\\mysql\\bin'
    'OPENSSL_CONF' => 'C:/xampp/apache/bin/openssl.cnf'
    'PHP_PEAR_SYSCONF_DIR' => '\\xampp\\php'
    'PHPRC' => '\\xampp\\php'
    'TMP' => '\\xampp\\tmp'
    'HTTP_HOST' => 'localhost'
    'HTTP_CONNECTION' => 'keep-alive'
    'HTTP_ACCEPT' => 'text/html,application/xhtml+xml,application/xml;q=0.9,image/webp,*/*;q=0.8'
    'HTTP_USER_AGENT' => 'Mozilla/5.0 (Windows NT 6.3; WOW64) AppleWebKit/537.36 (KHTML, like Gecko) Chrome/43.0.2357.130 Safari/537.36'
    'HTTP_ACCEPT_ENCODING' => 'gzip, deflate, sdch'
    'HTTP_ACCEPT_LANGUAGE' => 'en-US,en;q=0.8,ms;q=0.6'
    'HTTP_COOKIE' => '_csrf=46e65b3ea3f8d50b62bbbeed7d6b315c8ab7482b3431ab6c9fd471938959d536a%3A2%3A%7Bi%3A0%3Bs%3A5%3A%22_csrf%22%3Bi%3A1%3Bs%3A32%3A%222BD6BoR0y-z9FVwK9KQ7g_UYtvH8pEru%22%3B%7D; _identity=f8bc47592ba611ef36b8b37f5deb37bc4e4bf0cb0ee203f97a9f15693b39cda8a%3A2%3A%7Bi%3A0%3Bs%3A9%3A%22_identity%22%3Bi%3A1%3Bs%3A28%3A%22%5B%22100%22%2C%22test100key%22%2C2592000%5D%22%3B%7D; PHPSESSID=nrsffsd8m7mlads0uuu3dvlei4'
    'PATH' => 'C:\\ProgramData\\Oracle\\Java\\javapath;C:\\Program Files (x86)\\NVIDIA Corporation\\PhysX\\Common;C:\\Program Files (x86)\\Intel\\iCLS Client\\;C:\\Program Files\\Intel\\iCLS Client\\;C:\\Windows\\system32;C:\\Windows;C:\\Windows\\System32\\Wbem;C:\\Windows\\System32\\WindowsPowerShell\\v1.0\\;C:\\Program Files\\Intel\\Intel(R) Management Engine Components\\DAL;C:\\Program Files\\Intel\\Intel(R) Management Engine Components\\IPT;C:\\Program Files (x86)\\Intel\\Intel(R) Management Engine Components\\DAL;C:\\Program Files (x86)\\Intel\\Intel(R) Management Engine Components\\IPT;C:\\Program Files (x86)\\Intel\\OpenCL SDK\\3.0\\bin\\x86;C:\\Program Files (x86)\\Intel\\OpenCL SDK\\3.0\\bin\\x64;C:\\Program Files (x86)\\Git\\cmd;C:\\xampp\\php;C:\\Program Files (x86)\\Windows Kits\\8.1\\Windows Performance Toolkit\\;C:\\Program Files\\Microsoft SQL Server\\110\\Tools\\Binn\\;C:\\Program Files (x86)\\Microsoft SDKs\\TypeScript\\1.0\\;C:\\xampp\\mysql\\bin;C:\\Program Files (x86)\\GtkSharp\\2.12\\bin;C:\\ant\\bin;C:\\Program Files\\nodejs\\;C:\\Program Files\\nodejs;C:\\Users\\Janaka\\AppData\\Local\\Android\\sdk\\platform-tools;C:\\Users\\Janaka\\AppData\\Local\\Android\\sdk\\tools;C:\\Program Files\\Java\\jdk1.8.0_45\\bin;C:\\Program Files (x86)\\Common Files\\lenovo\\easyplussdk\\bin;C:\\Program Files (x86)\\Wave Engine\\Tools\\AssetsExporter;C:\\Users\\Janaka\\AppData\\Roaming\\npm'
    'SystemRoot' => 'C:\\Windows'
    'COMSPEC' => 'C:\\Windows\\system32\\cmd.exe'
    'PATHEXT' => '.COM;.EXE;.BAT;.CMD;.VBS;.VBE;.JS;.JSE;.WSF;.WSH;.MSC'
    'WINDIR' => 'C:\\Windows'
    'SERVER_SIGNATURE' => '<address>Apache/2.4.10 (Win32) OpenSSL/1.0.1i PHP/5.5.19 Server at localhost Port 80</address>
'
    'SERVER_SOFTWARE' => 'Apache/2.4.10 (Win32) OpenSSL/1.0.1i PHP/5.5.19'
    'SERVER_NAME' => 'localhost'
    'SERVER_ADDR' => '::1'
    'SERVER_PORT' => '80'
    'REMOTE_ADDR' => '::1'
    'DOCUMENT_ROOT' => 'C:/xampp/htdocs'
    'REQUEST_SCHEME' => 'http'
    'CONTEXT_PREFIX' => ''
    'CONTEXT_DOCUMENT_ROOT' => 'C:/xampp/htdocs'
    'SERVER_ADMIN' => 'postmaster@localhost'
    'SCRIPT_FILENAME' => 'C:/xampp/htdocs/ACCIMT-PRIS/src/web/index.php'
    'REMOTE_PORT' => '17622'
    'GATEWAY_INTERFACE' => 'CGI/1.1'
    'SERVER_PROTOCOL' => 'HTTP/1.1'
    'REQUEST_METHOD' => 'GET'
    'QUERY_STRING' => ''
    'REQUEST_URI' => '/ACCIMT-PRIS/src/web/index.php'
    'SCRIPT_NAME' => '/ACCIMT-PRIS/src/web/index.php'
    'PHP_SELF' => '/ACCIMT-PRIS/src/web/index.php'
    'REQUEST_TIME_FLOAT' => 1436366427.325
    'REQUEST_TIME' => 1436366427
]
2015-07-08 16:41:24 [::1][-][nrsffsd8m7mlads0uuu3dvlei4][error][yii\base\ErrorException:1] exception 'yii\base\ErrorException' with message 'Access to undeclared static property: app\models\User::$users' in C:\xampp\htdocs\ACCIMT-PRIS\src\models\User.php:85
Stack trace:
#0 [internal function]: yii\base\ErrorHandler->handleFatalError()
#1 {main}
2015-07-08 16:41:23 [::1][-][nrsffsd8m7mlads0uuu3dvlei4][info][application] $_COOKIE = [
    '_csrf' => '46e65b3ea3f8d50b62bbbeed7d6b315c8ab7482b3431ab6c9fd471938959d536a:2:{i:0;s:5:\"_csrf\";i:1;s:32:\"2BD6BoR0y-z9FVwK9KQ7g_UYtvH8pEru\";}'
    '_identity' => 'f8bc47592ba611ef36b8b37f5deb37bc4e4bf0cb0ee203f97a9f15693b39cda8a:2:{i:0;s:9:\"_identity\";i:1;s:28:\"[\"100\",\"test100key\",2592000]\";}'
    'PHPSESSID' => 'nrsffsd8m7mlads0uuu3dvlei4'
]

$_SESSION = [
    '__flash' => []
    '__id' => '100'
    '__captcha/site/captcha' => 'xajxqi'
    '__captcha/site/captchacount' => 1
]

$_SERVER = [
    'MIBDIRS' => 'C:/xampp/php/extras/mibs'
    'MYSQL_HOME' => '\\xampp\\mysql\\bin'
    'OPENSSL_CONF' => 'C:/xampp/apache/bin/openssl.cnf'
    'PHP_PEAR_SYSCONF_DIR' => '\\xampp\\php'
    'PHPRC' => '\\xampp\\php'
    'TMP' => '\\xampp\\tmp'
    'HTTP_HOST' => 'localhost'
    'HTTP_CONNECTION' => 'keep-alive'
    'HTTP_CACHE_CONTROL' => 'max-age=0'
    'HTTP_ACCEPT' => 'text/html,application/xhtml+xml,application/xml;q=0.9,image/webp,*/*;q=0.8'
    'HTTP_USER_AGENT' => 'Mozilla/5.0 (Windows NT 6.3; WOW64) AppleWebKit/537.36 (KHTML, like Gecko) Chrome/43.0.2357.130 Safari/537.36'
    'HTTP_ACCEPT_ENCODING' => 'gzip, deflate, sdch'
    'HTTP_ACCEPT_LANGUAGE' => 'en-US,en;q=0.8,ms;q=0.6'
    'HTTP_COOKIE' => '_csrf=46e65b3ea3f8d50b62bbbeed7d6b315c8ab7482b3431ab6c9fd471938959d536a%3A2%3A%7Bi%3A0%3Bs%3A5%3A%22_csrf%22%3Bi%3A1%3Bs%3A32%3A%222BD6BoR0y-z9FVwK9KQ7g_UYtvH8pEru%22%3B%7D; _identity=f8bc47592ba611ef36b8b37f5deb37bc4e4bf0cb0ee203f97a9f15693b39cda8a%3A2%3A%7Bi%3A0%3Bs%3A9%3A%22_identity%22%3Bi%3A1%3Bs%3A28%3A%22%5B%22100%22%2C%22test100key%22%2C2592000%5D%22%3B%7D; PHPSESSID=nrsffsd8m7mlads0uuu3dvlei4'
    'PATH' => 'C:\\ProgramData\\Oracle\\Java\\javapath;C:\\Program Files (x86)\\NVIDIA Corporation\\PhysX\\Common;C:\\Program Files (x86)\\Intel\\iCLS Client\\;C:\\Program Files\\Intel\\iCLS Client\\;C:\\Windows\\system32;C:\\Windows;C:\\Windows\\System32\\Wbem;C:\\Windows\\System32\\WindowsPowerShell\\v1.0\\;C:\\Program Files\\Intel\\Intel(R) Management Engine Components\\DAL;C:\\Program Files\\Intel\\Intel(R) Management Engine Components\\IPT;C:\\Program Files (x86)\\Intel\\Intel(R) Management Engine Components\\DAL;C:\\Program Files (x86)\\Intel\\Intel(R) Management Engine Components\\IPT;C:\\Program Files (x86)\\Intel\\OpenCL SDK\\3.0\\bin\\x86;C:\\Program Files (x86)\\Intel\\OpenCL SDK\\3.0\\bin\\x64;C:\\Program Files (x86)\\Git\\cmd;C:\\xampp\\php;C:\\Program Files (x86)\\Windows Kits\\8.1\\Windows Performance Toolkit\\;C:\\Program Files\\Microsoft SQL Server\\110\\Tools\\Binn\\;C:\\Program Files (x86)\\Microsoft SDKs\\TypeScript\\1.0\\;C:\\xampp\\mysql\\bin;C:\\Program Files (x86)\\GtkSharp\\2.12\\bin;C:\\ant\\bin;C:\\Program Files\\nodejs\\;C:\\Program Files\\nodejs;C:\\Users\\Janaka\\AppData\\Local\\Android\\sdk\\platform-tools;C:\\Users\\Janaka\\AppData\\Local\\Android\\sdk\\tools;C:\\Program Files\\Java\\jdk1.8.0_45\\bin;C:\\Program Files (x86)\\Common Files\\lenovo\\easyplussdk\\bin;C:\\Program Files (x86)\\Wave Engine\\Tools\\AssetsExporter;C:\\Users\\Janaka\\AppData\\Roaming\\npm'
    'SystemRoot' => 'C:\\Windows'
    'COMSPEC' => 'C:\\Windows\\system32\\cmd.exe'
    'PATHEXT' => '.COM;.EXE;.BAT;.CMD;.VBS;.VBE;.JS;.JSE;.WSF;.WSH;.MSC'
    'WINDIR' => 'C:\\Windows'
    'SERVER_SIGNATURE' => '<address>Apache/2.4.10 (Win32) OpenSSL/1.0.1i PHP/5.5.19 Server at localhost Port 80</address>
'
    'SERVER_SOFTWARE' => 'Apache/2.4.10 (Win32) OpenSSL/1.0.1i PHP/5.5.19'
    'SERVER_NAME' => 'localhost'
    'SERVER_ADDR' => '::1'
    'SERVER_PORT' => '80'
    'REMOTE_ADDR' => '::1'
    'DOCUMENT_ROOT' => 'C:/xampp/htdocs'
    'REQUEST_SCHEME' => 'http'
    'CONTEXT_PREFIX' => ''
    'CONTEXT_DOCUMENT_ROOT' => 'C:/xampp/htdocs'
    'SERVER_ADMIN' => 'postmaster@localhost'
    'SCRIPT_FILENAME' => 'C:/xampp/htdocs/ACCIMT-PRIS/src/web/index.php'
    'REMOTE_PORT' => '17628'
    'GATEWAY_INTERFACE' => 'CGI/1.1'
    'SERVER_PROTOCOL' => 'HTTP/1.1'
    'REQUEST_METHOD' => 'GET'
    'QUERY_STRING' => ''
    'REQUEST_URI' => '/ACCIMT-PRIS/src/web/index.php'
    'SCRIPT_NAME' => '/ACCIMT-PRIS/src/web/index.php'
    'PHP_SELF' => '/ACCIMT-PRIS/src/web/index.php'
    'REQUEST_TIME_FLOAT' => 1436366483.82
    'REQUEST_TIME' => 1436366483
]
2015-07-08 16:42:14 [::1][-][nrsffsd8m7mlads0uuu3dvlei4][error][yii\base\ErrorException:1] exception 'yii\base\ErrorException' with message 'Call to undefined method app\models\User::findIdentity()' in C:\xampp\htdocs\ACCIMT-PRIS\src\vendor\yiisoft\yii2\web\User.php:614
Stack trace:
#0 [internal function]: yii\base\ErrorHandler->handleFatalError()
#1 {main}
2015-07-08 16:42:13 [::1][-][nrsffsd8m7mlads0uuu3dvlei4][info][application] $_COOKIE = [
    '_csrf' => '46e65b3ea3f8d50b62bbbeed7d6b315c8ab7482b3431ab6c9fd471938959d536a:2:{i:0;s:5:\"_csrf\";i:1;s:32:\"2BD6BoR0y-z9FVwK9KQ7g_UYtvH8pEru\";}'
    '_identity' => 'f8bc47592ba611ef36b8b37f5deb37bc4e4bf0cb0ee203f97a9f15693b39cda8a:2:{i:0;s:9:\"_identity\";i:1;s:28:\"[\"100\",\"test100key\",2592000]\";}'
    'PHPSESSID' => 'nrsffsd8m7mlads0uuu3dvlei4'
]

$_SESSION = [
    '__flash' => []
    '__id' => '100'
    '__captcha/site/captcha' => 'xajxqi'
    '__captcha/site/captchacount' => 1
]

$_SERVER = [
    'MIBDIRS' => 'C:/xampp/php/extras/mibs'
    'MYSQL_HOME' => '\\xampp\\mysql\\bin'
    'OPENSSL_CONF' => 'C:/xampp/apache/bin/openssl.cnf'
    'PHP_PEAR_SYSCONF_DIR' => '\\xampp\\php'
    'PHPRC' => '\\xampp\\php'
    'TMP' => '\\xampp\\tmp'
    'HTTP_HOST' => 'localhost'
    'HTTP_CONNECTION' => 'keep-alive'
    'HTTP_CACHE_CONTROL' => 'max-age=0'
    'HTTP_ACCEPT' => 'text/html,application/xhtml+xml,application/xml;q=0.9,image/webp,*/*;q=0.8'
    'HTTP_USER_AGENT' => 'Mozilla/5.0 (Windows NT 6.3; WOW64) AppleWebKit/537.36 (KHTML, like Gecko) Chrome/43.0.2357.130 Safari/537.36'
    'HTTP_ACCEPT_ENCODING' => 'gzip, deflate, sdch'
    'HTTP_ACCEPT_LANGUAGE' => 'en-US,en;q=0.8,ms;q=0.6'
    'HTTP_COOKIE' => '_csrf=46e65b3ea3f8d50b62bbbeed7d6b315c8ab7482b3431ab6c9fd471938959d536a%3A2%3A%7Bi%3A0%3Bs%3A5%3A%22_csrf%22%3Bi%3A1%3Bs%3A32%3A%222BD6BoR0y-z9FVwK9KQ7g_UYtvH8pEru%22%3B%7D; _identity=f8bc47592ba611ef36b8b37f5deb37bc4e4bf0cb0ee203f97a9f15693b39cda8a%3A2%3A%7Bi%3A0%3Bs%3A9%3A%22_identity%22%3Bi%3A1%3Bs%3A28%3A%22%5B%22100%22%2C%22test100key%22%2C2592000%5D%22%3B%7D; PHPSESSID=nrsffsd8m7mlads0uuu3dvlei4'
    'PATH' => 'C:\\ProgramData\\Oracle\\Java\\javapath;C:\\Program Files (x86)\\NVIDIA Corporation\\PhysX\\Common;C:\\Program Files (x86)\\Intel\\iCLS Client\\;C:\\Program Files\\Intel\\iCLS Client\\;C:\\Windows\\system32;C:\\Windows;C:\\Windows\\System32\\Wbem;C:\\Windows\\System32\\WindowsPowerShell\\v1.0\\;C:\\Program Files\\Intel\\Intel(R) Management Engine Components\\DAL;C:\\Program Files\\Intel\\Intel(R) Management Engine Components\\IPT;C:\\Program Files (x86)\\Intel\\Intel(R) Management Engine Components\\DAL;C:\\Program Files (x86)\\Intel\\Intel(R) Management Engine Components\\IPT;C:\\Program Files (x86)\\Intel\\OpenCL SDK\\3.0\\bin\\x86;C:\\Program Files (x86)\\Intel\\OpenCL SDK\\3.0\\bin\\x64;C:\\Program Files (x86)\\Git\\cmd;C:\\xampp\\php;C:\\Program Files (x86)\\Windows Kits\\8.1\\Windows Performance Toolkit\\;C:\\Program Files\\Microsoft SQL Server\\110\\Tools\\Binn\\;C:\\Program Files (x86)\\Microsoft SDKs\\TypeScript\\1.0\\;C:\\xampp\\mysql\\bin;C:\\Program Files (x86)\\GtkSharp\\2.12\\bin;C:\\ant\\bin;C:\\Program Files\\nodejs\\;C:\\Program Files\\nodejs;C:\\Users\\Janaka\\AppData\\Local\\Android\\sdk\\platform-tools;C:\\Users\\Janaka\\AppData\\Local\\Android\\sdk\\tools;C:\\Program Files\\Java\\jdk1.8.0_45\\bin;C:\\Program Files (x86)\\Common Files\\lenovo\\easyplussdk\\bin;C:\\Program Files (x86)\\Wave Engine\\Tools\\AssetsExporter;C:\\Users\\Janaka\\AppData\\Roaming\\npm'
    'SystemRoot' => 'C:\\Windows'
    'COMSPEC' => 'C:\\Windows\\system32\\cmd.exe'
    'PATHEXT' => '.COM;.EXE;.BAT;.CMD;.VBS;.VBE;.JS;.JSE;.WSF;.WSH;.MSC'
    'WINDIR' => 'C:\\Windows'
    'SERVER_SIGNATURE' => '<address>Apache/2.4.10 (Win32) OpenSSL/1.0.1i PHP/5.5.19 Server at localhost Port 80</address>
'
    'SERVER_SOFTWARE' => 'Apache/2.4.10 (Win32) OpenSSL/1.0.1i PHP/5.5.19'
    'SERVER_NAME' => 'localhost'
    'SERVER_ADDR' => '::1'
    'SERVER_PORT' => '80'
    'REMOTE_ADDR' => '::1'
    'DOCUMENT_ROOT' => 'C:/xampp/htdocs'
    'REQUEST_SCHEME' => 'http'
    'CONTEXT_PREFIX' => ''
    'CONTEXT_DOCUMENT_ROOT' => 'C:/xampp/htdocs'
    'SERVER_ADMIN' => 'postmaster@localhost'
    'SCRIPT_FILENAME' => 'C:/xampp/htdocs/ACCIMT-PRIS/src/web/index.php'
    'REMOTE_PORT' => '17633'
    'GATEWAY_INTERFACE' => 'CGI/1.1'
    'SERVER_PROTOCOL' => 'HTTP/1.1'
    'REQUEST_METHOD' => 'GET'
    'QUERY_STRING' => ''
    'REQUEST_URI' => '/ACCIMT-PRIS/src/web/index.php'
    'SCRIPT_NAME' => '/ACCIMT-PRIS/src/web/index.php'
    'PHP_SELF' => '/ACCIMT-PRIS/src/web/index.php'
    'REQUEST_TIME_FLOAT' => 1436366533.789
    'REQUEST_TIME' => 1436366533
]
2015-07-08 16:51:35 [::1][-][nrsffsd8m7mlads0uuu3dvlei4][error][yii\base\ErrorException:1] exception 'yii\base\ErrorException' with message 'Access to undeclared static property: app\models\User::$users' in C:\xampp\htdocs\ACCIMT-PRIS\src\models\User.php:88
Stack trace:
#0 [internal function]: yii\base\ErrorHandler->handleFatalError()
#1 {main}
2015-07-08 16:51:35 [::1][-][nrsffsd8m7mlads0uuu3dvlei4][info][application] $_COOKIE = [
    '_csrf' => '46e65b3ea3f8d50b62bbbeed7d6b315c8ab7482b3431ab6c9fd471938959d536a:2:{i:0;s:5:\"_csrf\";i:1;s:32:\"2BD6BoR0y-z9FVwK9KQ7g_UYtvH8pEru\";}'
    '_identity' => 'f8bc47592ba611ef36b8b37f5deb37bc4e4bf0cb0ee203f97a9f15693b39cda8a:2:{i:0;s:9:\"_identity\";i:1;s:28:\"[\"100\",\"test100key\",2592000]\";}'
    'PHPSESSID' => 'nrsffsd8m7mlads0uuu3dvlei4'
]

$_SESSION = [
    '__flash' => []
    '__id' => '100'
    '__captcha/site/captcha' => 'xajxqi'
    '__captcha/site/captchacount' => 1
]

$_SERVER = [
    'MIBDIRS' => 'C:/xampp/php/extras/mibs'
    'MYSQL_HOME' => '\\xampp\\mysql\\bin'
    'OPENSSL_CONF' => 'C:/xampp/apache/bin/openssl.cnf'
    'PHP_PEAR_SYSCONF_DIR' => '\\xampp\\php'
    'PHPRC' => '\\xampp\\php'
    'TMP' => '\\xampp\\tmp'
    'HTTP_HOST' => 'localhost'
    'HTTP_CONNECTION' => 'keep-alive'
    'HTTP_CACHE_CONTROL' => 'max-age=0'
    'HTTP_ACCEPT' => 'text/html,application/xhtml+xml,application/xml;q=0.9,image/webp,*/*;q=0.8'
    'HTTP_USER_AGENT' => 'Mozilla/5.0 (Windows NT 6.3; WOW64) AppleWebKit/537.36 (KHTML, like Gecko) Chrome/43.0.2357.130 Safari/537.36'
    'HTTP_ACCEPT_ENCODING' => 'gzip, deflate, sdch'
    'HTTP_ACCEPT_LANGUAGE' => 'en-US,en;q=0.8,ms;q=0.6'
    'HTTP_COOKIE' => '_csrf=46e65b3ea3f8d50b62bbbeed7d6b315c8ab7482b3431ab6c9fd471938959d536a%3A2%3A%7Bi%3A0%3Bs%3A5%3A%22_csrf%22%3Bi%3A1%3Bs%3A32%3A%222BD6BoR0y-z9FVwK9KQ7g_UYtvH8pEru%22%3B%7D; _identity=f8bc47592ba611ef36b8b37f5deb37bc4e4bf0cb0ee203f97a9f15693b39cda8a%3A2%3A%7Bi%3A0%3Bs%3A9%3A%22_identity%22%3Bi%3A1%3Bs%3A28%3A%22%5B%22100%22%2C%22test100key%22%2C2592000%5D%22%3B%7D; PHPSESSID=nrsffsd8m7mlads0uuu3dvlei4'
    'PATH' => 'C:\\ProgramData\\Oracle\\Java\\javapath;C:\\Program Files (x86)\\NVIDIA Corporation\\PhysX\\Common;C:\\Program Files (x86)\\Intel\\iCLS Client\\;C:\\Program Files\\Intel\\iCLS Client\\;C:\\Windows\\system32;C:\\Windows;C:\\Windows\\System32\\Wbem;C:\\Windows\\System32\\WindowsPowerShell\\v1.0\\;C:\\Program Files\\Intel\\Intel(R) Management Engine Components\\DAL;C:\\Program Files\\Intel\\Intel(R) Management Engine Components\\IPT;C:\\Program Files (x86)\\Intel\\Intel(R) Management Engine Components\\DAL;C:\\Program Files (x86)\\Intel\\Intel(R) Management Engine Components\\IPT;C:\\Program Files (x86)\\Intel\\OpenCL SDK\\3.0\\bin\\x86;C:\\Program Files (x86)\\Intel\\OpenCL SDK\\3.0\\bin\\x64;C:\\Program Files (x86)\\Git\\cmd;C:\\xampp\\php;C:\\Program Files (x86)\\Windows Kits\\8.1\\Windows Performance Toolkit\\;C:\\Program Files\\Microsoft SQL Server\\110\\Tools\\Binn\\;C:\\Program Files (x86)\\Microsoft SDKs\\TypeScript\\1.0\\;C:\\xampp\\mysql\\bin;C:\\Program Files (x86)\\GtkSharp\\2.12\\bin;C:\\ant\\bin;C:\\Program Files\\nodejs\\;C:\\Program Files\\nodejs;C:\\Users\\Janaka\\AppData\\Local\\Android\\sdk\\platform-tools;C:\\Users\\Janaka\\AppData\\Local\\Android\\sdk\\tools;C:\\Program Files\\Java\\jdk1.8.0_45\\bin;C:\\Program Files (x86)\\Common Files\\lenovo\\easyplussdk\\bin;C:\\Program Files (x86)\\Wave Engine\\Tools\\AssetsExporter;C:\\Users\\Janaka\\AppData\\Roaming\\npm'
    'SystemRoot' => 'C:\\Windows'
    'COMSPEC' => 'C:\\Windows\\system32\\cmd.exe'
    'PATHEXT' => '.COM;.EXE;.BAT;.CMD;.VBS;.VBE;.JS;.JSE;.WSF;.WSH;.MSC'
    'WINDIR' => 'C:\\Windows'
    'SERVER_SIGNATURE' => '<address>Apache/2.4.10 (Win32) OpenSSL/1.0.1i PHP/5.5.19 Server at localhost Port 80</address>
'
    'SERVER_SOFTWARE' => 'Apache/2.4.10 (Win32) OpenSSL/1.0.1i PHP/5.5.19'
    'SERVER_NAME' => 'localhost'
    'SERVER_ADDR' => '::1'
    'SERVER_PORT' => '80'
    'REMOTE_ADDR' => '::1'
    'DOCUMENT_ROOT' => 'C:/xampp/htdocs'
    'REQUEST_SCHEME' => 'http'
    'CONTEXT_PREFIX' => ''
    'CONTEXT_DOCUMENT_ROOT' => 'C:/xampp/htdocs'
    'SERVER_ADMIN' => 'postmaster@localhost'
    'SCRIPT_FILENAME' => 'C:/xampp/htdocs/ACCIMT-PRIS/src/web/index.php'
    'REMOTE_PORT' => '17732'
    'GATEWAY_INTERFACE' => 'CGI/1.1'
    'SERVER_PROTOCOL' => 'HTTP/1.1'
    'REQUEST_METHOD' => 'GET'
    'QUERY_STRING' => ''
    'REQUEST_URI' => '/ACCIMT-PRIS/src/web/index.php'
    'SCRIPT_NAME' => '/ACCIMT-PRIS/src/web/index.php'
    'PHP_SELF' => '/ACCIMT-PRIS/src/web/index.php'
    'REQUEST_TIME_FLOAT' => 1436367095.805
    'REQUEST_TIME' => 1436367095
]
2015-07-08 16:55:10 [::1][-][nrsffsd8m7mlads0uuu3dvlei4][error][yii\base\ErrorException:1] exception 'yii\base\ErrorException' with message 'Access to undeclared static property: app\models\User::$users' in C:\xampp\htdocs\ACCIMT-PRIS\src\models\User.php:111
Stack trace:
#0 [internal function]: yii\base\ErrorHandler->handleFatalError()
#1 {main}
2015-07-08 16:55:10 [::1][-][nrsffsd8m7mlads0uuu3dvlei4][info][application] $_GET = [
    'r' => 'site/login'
]

$_POST = [
    '_csrf' => 'VFpCYjdaLUhmGAZUdTV/eC13OFtxDFoDbRETVVAFeBEgLApaRx9fPQ=='
    'LoginForm' => [
        'username' => 'admin'
        'password' => 'admin'
        'rememberMe' => '1'
    ]
    'login-button' => ''
]

$_COOKIE = [
    '_csrf' => '46e65b3ea3f8d50b62bbbeed7d6b315c8ab7482b3431ab6c9fd471938959d536a:2:{i:0;s:5:\"_csrf\";i:1;s:32:\"2BD6BoR0y-z9FVwK9KQ7g_UYtvH8pEru\";}'
    '_identity' => 'f8bc47592ba611ef36b8b37f5deb37bc4e4bf0cb0ee203f97a9f15693b39cda8a:2:{i:0;s:9:\"_identity\";i:1;s:28:\"[\"100\",\"test100key\",2592000]\";}'
    'PHPSESSID' => 'nrsffsd8m7mlads0uuu3dvlei4'
]

$_SESSION = [
    '__flash' => []
    '__id' => '100'
    '__captcha/site/captcha' => 'xajxqi'
    '__captcha/site/captchacount' => 1
]

$_SERVER = [
    'MIBDIRS' => 'C:/xampp/php/extras/mibs'
    'MYSQL_HOME' => '\\xampp\\mysql\\bin'
    'OPENSSL_CONF' => 'C:/xampp/apache/bin/openssl.cnf'
    'PHP_PEAR_SYSCONF_DIR' => '\\xampp\\php'
    'PHPRC' => '\\xampp\\php'
    'TMP' => '\\xampp\\tmp'
    'HTTP_HOST' => 'localhost'
    'HTTP_CONNECTION' => 'keep-alive'
    'CONTENT_LENGTH' => '198'
    'HTTP_CACHE_CONTROL' => 'max-age=0'
    'HTTP_ACCEPT' => 'text/html,application/xhtml+xml,application/xml;q=0.9,image/webp,*/*;q=0.8'
    'HTTP_ORIGIN' => 'http://localhost'
    'HTTP_USER_AGENT' => 'Mozilla/5.0 (Windows NT 6.3; WOW64) AppleWebKit/537.36 (KHTML, like Gecko) Chrome/43.0.2357.130 Safari/537.36'
    'CONTENT_TYPE' => 'application/x-www-form-urlencoded'
    'HTTP_REFERER' => 'http://localhost/ACCIMT-PRIS/src/web/index.php?r=site%2Flogin'
    'HTTP_ACCEPT_ENCODING' => 'gzip, deflate'
    'HTTP_ACCEPT_LANGUAGE' => 'en-US,en;q=0.8,ms;q=0.6'
    'HTTP_COOKIE' => '_csrf=46e65b3ea3f8d50b62bbbeed7d6b315c8ab7482b3431ab6c9fd471938959d536a%3A2%3A%7Bi%3A0%3Bs%3A5%3A%22_csrf%22%3Bi%3A1%3Bs%3A32%3A%222BD6BoR0y-z9FVwK9KQ7g_UYtvH8pEru%22%3B%7D; _identity=f8bc47592ba611ef36b8b37f5deb37bc4e4bf0cb0ee203f97a9f15693b39cda8a%3A2%3A%7Bi%3A0%3Bs%3A9%3A%22_identity%22%3Bi%3A1%3Bs%3A28%3A%22%5B%22100%22%2C%22test100key%22%2C2592000%5D%22%3B%7D; PHPSESSID=nrsffsd8m7mlads0uuu3dvlei4'
    'PATH' => 'C:\\ProgramData\\Oracle\\Java\\javapath;C:\\Program Files (x86)\\NVIDIA Corporation\\PhysX\\Common;C:\\Program Files (x86)\\Intel\\iCLS Client\\;C:\\Program Files\\Intel\\iCLS Client\\;C:\\Windows\\system32;C:\\Windows;C:\\Windows\\System32\\Wbem;C:\\Windows\\System32\\WindowsPowerShell\\v1.0\\;C:\\Program Files\\Intel\\Intel(R) Management Engine Components\\DAL;C:\\Program Files\\Intel\\Intel(R) Management Engine Components\\IPT;C:\\Program Files (x86)\\Intel\\Intel(R) Management Engine Components\\DAL;C:\\Program Files (x86)\\Intel\\Intel(R) Management Engine Components\\IPT;C:\\Program Files (x86)\\Intel\\OpenCL SDK\\3.0\\bin\\x86;C:\\Program Files (x86)\\Intel\\OpenCL SDK\\3.0\\bin\\x64;C:\\Program Files (x86)\\Git\\cmd;C:\\xampp\\php;C:\\Program Files (x86)\\Windows Kits\\8.1\\Windows Performance Toolkit\\;C:\\Program Files\\Microsoft SQL Server\\110\\Tools\\Binn\\;C:\\Program Files (x86)\\Microsoft SDKs\\TypeScript\\1.0\\;C:\\xampp\\mysql\\bin;C:\\Program Files (x86)\\GtkSharp\\2.12\\bin;C:\\ant\\bin;C:\\Program Files\\nodejs\\;C:\\Program Files\\nodejs;C:\\Users\\Janaka\\AppData\\Local\\Android\\sdk\\platform-tools;C:\\Users\\Janaka\\AppData\\Local\\Android\\sdk\\tools;C:\\Program Files\\Java\\jdk1.8.0_45\\bin;C:\\Program Files (x86)\\Common Files\\lenovo\\easyplussdk\\bin;C:\\Program Files (x86)\\Wave Engine\\Tools\\AssetsExporter;C:\\Users\\Janaka\\AppData\\Roaming\\npm'
    'SystemRoot' => 'C:\\Windows'
    'COMSPEC' => 'C:\\Windows\\system32\\cmd.exe'
    'PATHEXT' => '.COM;.EXE;.BAT;.CMD;.VBS;.VBE;.JS;.JSE;.WSF;.WSH;.MSC'
    'WINDIR' => 'C:\\Windows'
    'SERVER_SIGNATURE' => '<address>Apache/2.4.10 (Win32) OpenSSL/1.0.1i PHP/5.5.19 Server at localhost Port 80</address>
'
    'SERVER_SOFTWARE' => 'Apache/2.4.10 (Win32) OpenSSL/1.0.1i PHP/5.5.19'
    'SERVER_NAME' => 'localhost'
    'SERVER_ADDR' => '::1'
    'SERVER_PORT' => '80'
    'REMOTE_ADDR' => '::1'
    'DOCUMENT_ROOT' => 'C:/xampp/htdocs'
    'REQUEST_SCHEME' => 'http'
    'CONTEXT_PREFIX' => ''
    'CONTEXT_DOCUMENT_ROOT' => 'C:/xampp/htdocs'
    'SERVER_ADMIN' => 'postmaster@localhost'
    'SCRIPT_FILENAME' => 'C:/xampp/htdocs/ACCIMT-PRIS/src/web/index.php'
    'REMOTE_PORT' => '17739'
    'GATEWAY_INTERFACE' => 'CGI/1.1'
    'SERVER_PROTOCOL' => 'HTTP/1.1'
    'REQUEST_METHOD' => 'POST'
    'QUERY_STRING' => 'r=site%2Flogin'
    'REQUEST_URI' => '/ACCIMT-PRIS/src/web/index.php?r=site%2Flogin'
    'SCRIPT_NAME' => '/ACCIMT-PRIS/src/web/index.php'
    'PHP_SELF' => '/ACCIMT-PRIS/src/web/index.php'
    'REQUEST_TIME_FLOAT' => 1436367310.163
    'REQUEST_TIME' => 1436367310
]
2015-07-08 16:59:49 [::1][-][-][error][yii\base\ErrorException:4096] exception 'yii\base\ErrorException' with message 'Argument 1 passed to yii\web\User::login() must be an instance of yii\web\IdentityInterface, instance of app\models\User given, called in C:\xampp\htdocs\ACCIMT-PRIS\src\models\LoginForm.php on line 60 and defined' in C:\xampp\htdocs\ACCIMT-PRIS\src\vendor\yiisoft\yii2\web\User.php:233
Stack trace:
#0 C:\xampp\htdocs\ACCIMT-PRIS\src\vendor\yiisoft\yii2\web\User.php(233): yii\base\ErrorHandler->handleError(4096, 'Argument 1 pass...', 'C:\\xampp\\htdocs...', 233, Array)
#1 C:\xampp\htdocs\ACCIMT-PRIS\src\models\LoginForm.php(60): yii\web\User->login(Object(app\models\User), 2592000)
#2 C:\xampp\htdocs\ACCIMT-PRIS\src\controllers\SiteController.php(62): app\models\LoginForm->login()
#3 [internal function]: app\controllers\SiteController->actionLogin()
#4 C:\xampp\htdocs\ACCIMT-PRIS\src\vendor\yiisoft\yii2\base\InlineAction.php(55): call_user_func_array(Array, Array)
#5 C:\xampp\htdocs\ACCIMT-PRIS\src\vendor\yiisoft\yii2\base\Controller.php(151): yii\base\InlineAction->runWithParams(Array)
#6 C:\xampp\htdocs\ACCIMT-PRIS\src\vendor\yiisoft\yii2\base\Module.php(455): yii\base\Controller->runAction('login', Array)
#7 C:\xampp\htdocs\ACCIMT-PRIS\src\vendor\yiisoft\yii2\web\Application.php(84): yii\base\Module->runAction('site/login', Array)
#8 C:\xampp\htdocs\ACCIMT-PRIS\src\vendor\yiisoft\yii2\base\Application.php(375): yii\web\Application->handleRequest(Object(yii\web\Request))
#9 C:\xampp\htdocs\ACCIMT-PRIS\src\web\index.php(12): yii\base\Application->run()
#10 {main}
2015-07-08 16:59:49 [::1][-][-][info][application] $_GET = [
    'r' => 'site/login'
]

$_POST = [
    '_csrf' => 'U0lzcGl4bVJhCzdGKxc/YipkCUkvLhoZagIiRw4nOAsnPztIGT0fJw=='
    'LoginForm' => [
        'username' => 'janakact'
        'password' => '1234'
        'rememberMe' => '1'
    ]
    'login-button' => ''
]

$_COOKIE = [
    '_csrf' => '46e65b3ea3f8d50b62bbbeed7d6b315c8ab7482b3431ab6c9fd471938959d536a:2:{i:0;s:5:\"_csrf\";i:1;s:32:\"2BD6BoR0y-z9FVwK9KQ7g_UYtvH8pEru\";}'
    '_identity' => 'f8bc47592ba611ef36b8b37f5deb37bc4e4bf0cb0ee203f97a9f15693b39cda8a:2:{i:0;s:9:\"_identity\";i:1;s:28:\"[\"100\",\"test100key\",2592000]\";}'
    'PHPSESSID' => 'nrsffsd8m7mlads0uuu3dvlei4'
]

$_SESSION = [
    '__flash' => []
    '__id' => '100'
    '__captcha/site/captcha' => 'xajxqi'
    '__captcha/site/captchacount' => 1
]

$_SERVER = [
    'MIBDIRS' => 'C:/xampp/php/extras/mibs'
    'MYSQL_HOME' => '\\xampp\\mysql\\bin'
    'OPENSSL_CONF' => 'C:/xampp/apache/bin/openssl.cnf'
    'PHP_PEAR_SYSCONF_DIR' => '\\xampp\\php'
    'PHPRC' => '\\xampp\\php'
    'TMP' => '\\xampp\\tmp'
    'HTTP_HOST' => 'localhost'
    'HTTP_CONNECTION' => 'keep-alive'
    'CONTENT_LENGTH' => '200'
    'HTTP_CACHE_CONTROL' => 'max-age=0'
    'HTTP_ACCEPT' => 'text/html,application/xhtml+xml,application/xml;q=0.9,image/webp,*/*;q=0.8'
    'HTTP_ORIGIN' => 'http://localhost'
    'HTTP_USER_AGENT' => 'Mozilla/5.0 (Windows NT 6.3; WOW64) AppleWebKit/537.36 (KHTML, like Gecko) Chrome/43.0.2357.130 Safari/537.36'
    'CONTENT_TYPE' => 'application/x-www-form-urlencoded'
    'HTTP_REFERER' => 'http://localhost/ACCIMT-PRIS/src/web/index.php?r=site%2Flogin'
    'HTTP_ACCEPT_ENCODING' => 'gzip, deflate'
    'HTTP_ACCEPT_LANGUAGE' => 'en-US,en;q=0.8,ms;q=0.6'
    'HTTP_COOKIE' => '_csrf=46e65b3ea3f8d50b62bbbeed7d6b315c8ab7482b3431ab6c9fd471938959d536a%3A2%3A%7Bi%3A0%3Bs%3A5%3A%22_csrf%22%3Bi%3A1%3Bs%3A32%3A%222BD6BoR0y-z9FVwK9KQ7g_UYtvH8pEru%22%3B%7D; _identity=f8bc47592ba611ef36b8b37f5deb37bc4e4bf0cb0ee203f97a9f15693b39cda8a%3A2%3A%7Bi%3A0%3Bs%3A9%3A%22_identity%22%3Bi%3A1%3Bs%3A28%3A%22%5B%22100%22%2C%22test100key%22%2C2592000%5D%22%3B%7D; PHPSESSID=nrsffsd8m7mlads0uuu3dvlei4'
    'PATH' => 'C:\\ProgramData\\Oracle\\Java\\javapath;C:\\Program Files (x86)\\NVIDIA Corporation\\PhysX\\Common;C:\\Program Files (x86)\\Intel\\iCLS Client\\;C:\\Program Files\\Intel\\iCLS Client\\;C:\\Windows\\system32;C:\\Windows;C:\\Windows\\System32\\Wbem;C:\\Windows\\System32\\WindowsPowerShell\\v1.0\\;C:\\Program Files\\Intel\\Intel(R) Management Engine Components\\DAL;C:\\Program Files\\Intel\\Intel(R) Management Engine Components\\IPT;C:\\Program Files (x86)\\Intel\\Intel(R) Management Engine Components\\DAL;C:\\Program Files (x86)\\Intel\\Intel(R) Management Engine Components\\IPT;C:\\Program Files (x86)\\Intel\\OpenCL SDK\\3.0\\bin\\x86;C:\\Program Files (x86)\\Intel\\OpenCL SDK\\3.0\\bin\\x64;C:\\Program Files (x86)\\Git\\cmd;C:\\xampp\\php;C:\\Program Files (x86)\\Windows Kits\\8.1\\Windows Performance Toolkit\\;C:\\Program Files\\Microsoft SQL Server\\110\\Tools\\Binn\\;C:\\Program Files (x86)\\Microsoft SDKs\\TypeScript\\1.0\\;C:\\xampp\\mysql\\bin;C:\\Program Files (x86)\\GtkSharp\\2.12\\bin;C:\\ant\\bin;C:\\Program Files\\nodejs\\;C:\\Program Files\\nodejs;C:\\Users\\Janaka\\AppData\\Local\\Android\\sdk\\platform-tools;C:\\Users\\Janaka\\AppData\\Local\\Android\\sdk\\tools;C:\\Program Files\\Java\\jdk1.8.0_45\\bin;C:\\Program Files (x86)\\Common Files\\lenovo\\easyplussdk\\bin;C:\\Program Files (x86)\\Wave Engine\\Tools\\AssetsExporter;C:\\Users\\Janaka\\AppData\\Roaming\\npm'
    'SystemRoot' => 'C:\\Windows'
    'COMSPEC' => 'C:\\Windows\\system32\\cmd.exe'
    'PATHEXT' => '.COM;.EXE;.BAT;.CMD;.VBS;.VBE;.JS;.JSE;.WSF;.WSH;.MSC'
    'WINDIR' => 'C:\\Windows'
    'SERVER_SIGNATURE' => '<address>Apache/2.4.10 (Win32) OpenSSL/1.0.1i PHP/5.5.19 Server at localhost Port 80</address>
'
    'SERVER_SOFTWARE' => 'Apache/2.4.10 (Win32) OpenSSL/1.0.1i PHP/5.5.19'
    'SERVER_NAME' => 'localhost'
    'SERVER_ADDR' => '::1'
    'SERVER_PORT' => '80'
    'REMOTE_ADDR' => '::1'
    'DOCUMENT_ROOT' => 'C:/xampp/htdocs'
    'REQUEST_SCHEME' => 'http'
    'CONTEXT_PREFIX' => ''
    'CONTEXT_DOCUMENT_ROOT' => 'C:/xampp/htdocs'
    'SERVER_ADMIN' => 'postmaster@localhost'
    'SCRIPT_FILENAME' => 'C:/xampp/htdocs/ACCIMT-PRIS/src/web/index.php'
    'REMOTE_PORT' => '17786'
    'GATEWAY_INTERFACE' => 'CGI/1.1'
    'SERVER_PROTOCOL' => 'HTTP/1.1'
    'REQUEST_METHOD' => 'POST'
    'QUERY_STRING' => 'r=site%2Flogin'
    'REQUEST_URI' => '/ACCIMT-PRIS/src/web/index.php?r=site%2Flogin'
    'SCRIPT_NAME' => '/ACCIMT-PRIS/src/web/index.php'
    'PHP_SELF' => '/ACCIMT-PRIS/src/web/index.php'
    'REQUEST_TIME_FLOAT' => 1436367589.54
    'REQUEST_TIME' => 1436367589
]
2015-07-08 17:01:06 [::1][-][-][error][yii\base\ErrorException:4096] exception 'yii\base\ErrorException' with message 'Argument 1 passed to yii\web\User::login() must be an instance of yii\web\IdentityInterface, instance of app\models\User given, called in C:\xampp\htdocs\ACCIMT-PRIS\src\models\LoginForm.php on line 60 and defined' in C:\xampp\htdocs\ACCIMT-PRIS\src\vendor\yiisoft\yii2\web\User.php:233
Stack trace:
#0 C:\xampp\htdocs\ACCIMT-PRIS\src\vendor\yiisoft\yii2\web\User.php(233): yii\base\ErrorHandler->handleError(4096, 'Argument 1 pass...', 'C:\\xampp\\htdocs...', 233, Array)
#1 C:\xampp\htdocs\ACCIMT-PRIS\src\models\LoginForm.php(60): yii\web\User->login(Object(app\models\User), 2592000)
#2 C:\xampp\htdocs\ACCIMT-PRIS\src\controllers\SiteController.php(62): app\models\LoginForm->login()
#3 [internal function]: app\controllers\SiteController->actionLogin()
#4 C:\xampp\htdocs\ACCIMT-PRIS\src\vendor\yiisoft\yii2\base\InlineAction.php(55): call_user_func_array(Array, Array)
#5 C:\xampp\htdocs\ACCIMT-PRIS\src\vendor\yiisoft\yii2\base\Controller.php(151): yii\base\InlineAction->runWithParams(Array)
#6 C:\xampp\htdocs\ACCIMT-PRIS\src\vendor\yiisoft\yii2\base\Module.php(455): yii\base\Controller->runAction('login', Array)
#7 C:\xampp\htdocs\ACCIMT-PRIS\src\vendor\yiisoft\yii2\web\Application.php(84): yii\base\Module->runAction('site/login', Array)
#8 C:\xampp\htdocs\ACCIMT-PRIS\src\vendor\yiisoft\yii2\base\Application.php(375): yii\web\Application->handleRequest(Object(yii\web\Request))
#9 C:\xampp\htdocs\ACCIMT-PRIS\src\web\index.php(12): yii\base\Application->run()
#10 {main}
2015-07-08 17:01:06 [::1][-][-][info][application] $_GET = [
    'r' => 'site/login'
]

$_POST = [
    '_csrf' => 'NnNEQWkzLkYEMQB3K1x8dk9ePngvZVkNDzgVdg5sex9CBQx5GXZcMw=='
    'LoginForm' => [
        'username' => 'janakact'
        'password' => '1234'
        'rememberMe' => '1'
    ]
    'login-button' => ''
]

$_COOKIE = [
    '_csrf' => '46e65b3ea3f8d50b62bbbeed7d6b315c8ab7482b3431ab6c9fd471938959d536a:2:{i:0;s:5:\"_csrf\";i:1;s:32:\"2BD6BoR0y-z9FVwK9KQ7g_UYtvH8pEru\";}'
    '_identity' => 'f8bc47592ba611ef36b8b37f5deb37bc4e4bf0cb0ee203f97a9f15693b39cda8a:2:{i:0;s:9:\"_identity\";i:1;s:28:\"[\"100\",\"test100key\",2592000]\";}'
    'PHPSESSID' => 'nrsffsd8m7mlads0uuu3dvlei4'
]

$_SESSION = [
    '__flash' => []
    '__id' => '100'
    '__captcha/site/captcha' => 'xajxqi'
    '__captcha/site/captchacount' => 1
]

$_SERVER = [
    'MIBDIRS' => 'C:/xampp/php/extras/mibs'
    'MYSQL_HOME' => '\\xampp\\mysql\\bin'
    'OPENSSL_CONF' => 'C:/xampp/apache/bin/openssl.cnf'
    'PHP_PEAR_SYSCONF_DIR' => '\\xampp\\php'
    'PHPRC' => '\\xampp\\php'
    'TMP' => '\\xampp\\tmp'
    'HTTP_HOST' => 'localhost'
    'HTTP_CONNECTION' => 'keep-alive'
    'CONTENT_LENGTH' => '198'
    'HTTP_CACHE_CONTROL' => 'max-age=0'
    'HTTP_ACCEPT' => 'text/html,application/xhtml+xml,application/xml;q=0.9,image/webp,*/*;q=0.8'
    'HTTP_ORIGIN' => 'http://localhost'
    'HTTP_USER_AGENT' => 'Mozilla/5.0 (Windows NT 6.3; WOW64) AppleWebKit/537.36 (KHTML, like Gecko) Chrome/43.0.2357.130 Safari/537.36'
    'CONTENT_TYPE' => 'application/x-www-form-urlencoded'
    'HTTP_REFERER' => 'http://localhost/ACCIMT-PRIS/src/web/index.php?r=site%2Flogin'
    'HTTP_ACCEPT_ENCODING' => 'gzip, deflate'
    'HTTP_ACCEPT_LANGUAGE' => 'en-US,en;q=0.8,ms;q=0.6'
    'HTTP_COOKIE' => '_csrf=46e65b3ea3f8d50b62bbbeed7d6b315c8ab7482b3431ab6c9fd471938959d536a%3A2%3A%7Bi%3A0%3Bs%3A5%3A%22_csrf%22%3Bi%3A1%3Bs%3A32%3A%222BD6BoR0y-z9FVwK9KQ7g_UYtvH8pEru%22%3B%7D; _identity=f8bc47592ba611ef36b8b37f5deb37bc4e4bf0cb0ee203f97a9f15693b39cda8a%3A2%3A%7Bi%3A0%3Bs%3A9%3A%22_identity%22%3Bi%3A1%3Bs%3A28%3A%22%5B%22100%22%2C%22test100key%22%2C2592000%5D%22%3B%7D; PHPSESSID=nrsffsd8m7mlads0uuu3dvlei4'
    'PATH' => 'C:\\ProgramData\\Oracle\\Java\\javapath;C:\\Program Files (x86)\\NVIDIA Corporation\\PhysX\\Common;C:\\Program Files (x86)\\Intel\\iCLS Client\\;C:\\Program Files\\Intel\\iCLS Client\\;C:\\Windows\\system32;C:\\Windows;C:\\Windows\\System32\\Wbem;C:\\Windows\\System32\\WindowsPowerShell\\v1.0\\;C:\\Program Files\\Intel\\Intel(R) Management Engine Components\\DAL;C:\\Program Files\\Intel\\Intel(R) Management Engine Components\\IPT;C:\\Program Files (x86)\\Intel\\Intel(R) Management Engine Components\\DAL;C:\\Program Files (x86)\\Intel\\Intel(R) Management Engine Components\\IPT;C:\\Program Files (x86)\\Intel\\OpenCL SDK\\3.0\\bin\\x86;C:\\Program Files (x86)\\Intel\\OpenCL SDK\\3.0\\bin\\x64;C:\\Program Files (x86)\\Git\\cmd;C:\\xampp\\php;C:\\Program Files (x86)\\Windows Kits\\8.1\\Windows Performance Toolkit\\;C:\\Program Files\\Microsoft SQL Server\\110\\Tools\\Binn\\;C:\\Program Files (x86)\\Microsoft SDKs\\TypeScript\\1.0\\;C:\\xampp\\mysql\\bin;C:\\Program Files (x86)\\GtkSharp\\2.12\\bin;C:\\ant\\bin;C:\\Program Files\\nodejs\\;C:\\Program Files\\nodejs;C:\\Users\\Janaka\\AppData\\Local\\Android\\sdk\\platform-tools;C:\\Users\\Janaka\\AppData\\Local\\Android\\sdk\\tools;C:\\Program Files\\Java\\jdk1.8.0_45\\bin;C:\\Program Files (x86)\\Common Files\\lenovo\\easyplussdk\\bin;C:\\Program Files (x86)\\Wave Engine\\Tools\\AssetsExporter;C:\\Users\\Janaka\\AppData\\Roaming\\npm'
    'SystemRoot' => 'C:\\Windows'
    'COMSPEC' => 'C:\\Windows\\system32\\cmd.exe'
    'PATHEXT' => '.COM;.EXE;.BAT;.CMD;.VBS;.VBE;.JS;.JSE;.WSF;.WSH;.MSC'
    'WINDIR' => 'C:\\Windows'
    'SERVER_SIGNATURE' => '<address>Apache/2.4.10 (Win32) OpenSSL/1.0.1i PHP/5.5.19 Server at localhost Port 80</address>
'
    'SERVER_SOFTWARE' => 'Apache/2.4.10 (Win32) OpenSSL/1.0.1i PHP/5.5.19'
    'SERVER_NAME' => 'localhost'
    'SERVER_ADDR' => '::1'
    'SERVER_PORT' => '80'
    'REMOTE_ADDR' => '::1'
    'DOCUMENT_ROOT' => 'C:/xampp/htdocs'
    'REQUEST_SCHEME' => 'http'
    'CONTEXT_PREFIX' => ''
    'CONTEXT_DOCUMENT_ROOT' => 'C:/xampp/htdocs'
    'SERVER_ADMIN' => 'postmaster@localhost'
    'SCRIPT_FILENAME' => 'C:/xampp/htdocs/ACCIMT-PRIS/src/web/index.php'
    'REMOTE_PORT' => '17797'
    'GATEWAY_INTERFACE' => 'CGI/1.1'
    'SERVER_PROTOCOL' => 'HTTP/1.1'
    'REQUEST_METHOD' => 'POST'
    'QUERY_STRING' => 'r=site%2Flogin'
    'REQUEST_URI' => '/ACCIMT-PRIS/src/web/index.php?r=site%2Flogin'
    'SCRIPT_NAME' => '/ACCIMT-PRIS/src/web/index.php'
    'PHP_SELF' => '/ACCIMT-PRIS/src/web/index.php'
    'REQUEST_TIME_FLOAT' => 1436367666.793
    'REQUEST_TIME' => 1436367666
]
