2015-08-06 22:18:38 [-][-][-][error][yii\db\Exception] exception 'PDOException' with message 'SQLSTATE[42S01]: Base table or view already exists: 1050 Table 'user' already exists' in C:\xampp\htdocs\ACCIMT-PRIS\src\advanced\vendor\yiisoft\yii2\db\Command.php:781
Stack trace:
#0 C:\xampp\htdocs\ACCIMT-PRIS\src\advanced\vendor\yiisoft\yii2\db\Command.php(781): PDOStatement->execute()
#1 C:\xampp\htdocs\ACCIMT-PRIS\src\advanced\vendor\yiisoft\yii2\db\Migration.php(260): yii\db\Command->execute()
#2 C:\xampp\htdocs\ACCIMT-PRIS\src\advanced\console\migrations\m130524_201442_init.php(27): yii\db\Migration->createTable('{{%user}}', Array, 'CHARACTER SET u...')
#3 C:\xampp\htdocs\ACCIMT-PRIS\src\advanced\vendor\yiisoft\yii2\console\controllers\BaseMigrateController.php(492): m130524_201442_init->up()
#4 C:\xampp\htdocs\ACCIMT-PRIS\src\advanced\vendor\yiisoft\yii2\console\controllers\BaseMigrateController.php(129): yii\console\controllers\BaseMigrateController->migrateUp('m130524_201442_...')
#5 [internal function]: yii\console\controllers\BaseMigrateController->actionUp(0)
#6 C:\xampp\htdocs\ACCIMT-PRIS\src\advanced\vendor\yiisoft\yii2\base\InlineAction.php(55): call_user_func_array(Array, Array)
#7 C:\xampp\htdocs\ACCIMT-PRIS\src\advanced\vendor\yiisoft\yii2\base\Controller.php(151): yii\base\InlineAction->runWithParams(Array)
#8 C:\xampp\htdocs\ACCIMT-PRIS\src\advanced\vendor\yiisoft\yii2\console\Controller.php(91): yii\base\Controller->runAction('', Array)
#9 C:\xampp\htdocs\ACCIMT-PRIS\src\advanced\vendor\yiisoft\yii2\base\Module.php(455): yii\console\Controller->runAction('', Array)
#10 C:\xampp\htdocs\ACCIMT-PRIS\src\advanced\vendor\yiisoft\yii2\console\Application.php(167): yii\base\Module->runAction('migrate', Array)
#11 C:\xampp\htdocs\ACCIMT-PRIS\src\advanced\vendor\yiisoft\yii2\console\Application.php(143): yii\console\Application->runAction('migrate', Array)
#12 C:\xampp\htdocs\ACCIMT-PRIS\src\advanced\vendor\yiisoft\yii2\base\Application.php(375): yii\console\Application->handleRequest(Object(yii\console\Request))
#13 C:\xampp\htdocs\ACCIMT-PRIS\src\advanced\yii(27): yii\base\Application->run()
#14 {main}

Next exception 'yii\db\Exception' with message 'SQLSTATE[42S01]: Base table or view already exists: 1050 Table 'user' already exists
The SQL being executed was: CREATE TABLE `user` (
	`id` int(11) NOT NULL AUTO_INCREMENT PRIMARY KEY,
	`username` varchar(255) NOT NULL UNIQUE,
	`auth_key` varchar(32) NOT NULL,
	`password_hash` varchar(255) NOT NULL,
	`password_reset_token` varchar(255) UNIQUE,
	`email` varchar(255) NOT NULL UNIQUE,
	`status` smallint(6) NOT NULL DEFAULT 10,
	`created_at` int(11) NOT NULL,
	`updated_at` int(11) NOT NULL
) CHARACTER SET utf8 COLLATE utf8_unicode_ci ENGINE=InnoDB' in C:\xampp\htdocs\ACCIMT-PRIS\src\advanced\vendor\yiisoft\yii2\db\Schema.php:628
Stack trace:
#0 C:\xampp\htdocs\ACCIMT-PRIS\src\advanced\vendor\yiisoft\yii2\db\Command.php(791): yii\db\Schema->convertException(Object(PDOException), 'CREATE TABLE `u...')
#1 C:\xampp\htdocs\ACCIMT-PRIS\src\advanced\vendor\yiisoft\yii2\db\Migration.php(260): yii\db\Command->execute()
#2 C:\xampp\htdocs\ACCIMT-PRIS\src\advanced\console\migrations\m130524_201442_init.php(27): yii\db\Migration->createTable('{{%user}}', Array, 'CHARACTER SET u...')
#3 C:\xampp\htdocs\ACCIMT-PRIS\src\advanced\vendor\yiisoft\yii2\console\controllers\BaseMigrateController.php(492): m130524_201442_init->up()
#4 C:\xampp\htdocs\ACCIMT-PRIS\src\advanced\vendor\yiisoft\yii2\console\controllers\BaseMigrateController.php(129): yii\console\controllers\BaseMigrateController->migrateUp('m130524_201442_...')
#5 [internal function]: yii\console\controllers\BaseMigrateController->actionUp(0)
#6 C:\xampp\htdocs\ACCIMT-PRIS\src\advanced\vendor\yiisoft\yii2\base\InlineAction.php(55): call_user_func_array(Array, Array)
#7 C:\xampp\htdocs\ACCIMT-PRIS\src\advanced\vendor\yiisoft\yii2\base\Controller.php(151): yii\base\InlineAction->runWithParams(Array)
#8 C:\xampp\htdocs\ACCIMT-PRIS\src\advanced\vendor\yiisoft\yii2\console\Controller.php(91): yii\base\Controller->runAction('', Array)
#9 C:\xampp\htdocs\ACCIMT-PRIS\src\advanced\vendor\yiisoft\yii2\base\Module.php(455): yii\console\Controller->runAction('', Array)
#10 C:\xampp\htdocs\ACCIMT-PRIS\src\advanced\vendor\yiisoft\yii2\console\Application.php(167): yii\base\Module->runAction('migrate', Array)
#11 C:\xampp\htdocs\ACCIMT-PRIS\src\advanced\vendor\yiisoft\yii2\console\Application.php(143): yii\console\Application->runAction('migrate', Array)
#12 C:\xampp\htdocs\ACCIMT-PRIS\src\advanced\vendor\yiisoft\yii2\base\Application.php(375): yii\console\Application->handleRequest(Object(yii\console\Request))
#13 C:\xampp\htdocs\ACCIMT-PRIS\src\advanced\yii(27): yii\base\Application->run()
#14 {main}
Additional Information:
Array
(
    [0] => 42S01
    [1] => 1050
    [2] => Table 'user' already exists
)

2015-08-06 22:18:27 [-][-][-][info][application] $_SERVER = [
    '!::' => '::\\'
    'ALLUSERSPROFILE' => 'C:\\ProgramData'
    'APPDATA' => 'C:\\Users\\Janaka\\AppData\\Roaming'
    'COMMONPROGRAMFILES(X86)' => 'C:\\Program Files (x86)\\Common Files'
    'COMMONPROGRAMFILES' => 'C:\\Program Files (x86)\\Common Files'
    'COMMONPROGRAMW6432' => 'C:\\Program Files\\Common Files'
    'COMPUTERNAME' => 'JANAKACT-PC'
    'COMSPEC' => 'C:\\Windows\\system32\\cmd.exe'
    'EASYPLUSSDK' => '\"C:\\Program Files (x86)\\Common Files\\lenovo\\easyplussdk\\bin\"'
    'FP_NO_HOST_CHECK' => 'NO'
    'GNUPGHOME' => 'c:/Users/Janaka/.gnupg'
    'GTK_BASEPATH' => 'C:\\Program Files (x86)\\GtkSharp\\2.12\\'
    'HISTFILE' => 'c:/Users/Janaka/.bash_history'
    'HOME' => 'c:/Users/Janaka'
    'HOMEDRIVE' => 'C:'
    'HOMEPATH' => '\\Users\\Janaka'
    'INPUTRC' => 'C:/Program Files (x86)/Git/etc/inputrc'
    'LESS' => '-FRSX'
    'LESSCHARSET' => 'utf-8'
    'LOCALAPPDATA' => 'C:\\Users\\Janaka\\AppData\\Local'
    'LOGNAME' => 'Janaka'
    'LOGONSERVER' => '\\\\JANAKACT-PC'
    'MAKE_MODE' => 'unix'
    'MSYSTEM' => 'MINGW32'
    'NUMBER_OF_PROCESSORS' => '4'
    'OLDPWD' => 'c:/xampp/htdocs/ACCIMT-PRIS'
    'OS' => 'Windows_NT'
    'PATH' => 'c:\\Users\\Janaka\\bin;.;C:\\Program Files (x86)\\Git\\local\\bin;C:\\Program Files (x86)\\Git\\mingw\\bin;C:\\Program Files (x86)\\Git\\bin;C:\\Program Files (x86)\\Git\\bin;c:\\ProgramData\\Oracle\\Java\\javapath;c:\\Program Files (x86)\\NVIDIA Corporation\\PhysX\\Common;c:\\Program Files (x86)\\Intel\\iCLS Client\\;c:\\Program Files\\Intel\\iCLS Client\\;c:\\Windows\\system32;c:\\Windows;c:\\Windows\\System32\\Wbem;c:\\Windows\\System32\\WindowsPowerShell\\v1.0\\;c:\\Program Files\\Intel\\Intel(R) Management Engine Components\\DAL;c:\\Program Files\\Intel\\Intel(R) Management Engine Components\\IPT;c:\\Program Files (x86)\\Intel\\Intel(R) Management Engine Components\\DAL;c:\\Program Files (x86)\\Intel\\Intel(R) Management Engine Components\\IPT;c:\\Program Files (x86)\\Intel\\OpenCL SDK\\3.0\\bin\\x86;c:\\Program Files (x86)\\Intel\\OpenCL SDK\\3.0\\bin\\x64;C:\\Program Files (x86)\\Git\\cmd;c:\\xampp\\php;c:\\Program Files (x86)\\Windows Kits\\8.1\\Windows Performance Toolkit\\;c:\\Program Files\\Microsoft SQL Server\\110\\Tools\\Binn\\;c:\\Program Files (x86)\\Microsoft SDKs\\TypeScript\\1.0\\;c:\\xampp\\mysql\\bin;c:\\Program Files (x86)\\GtkSharp\\2.12\\bin;c:\\ant\\bin;c:\\Program Files\\nodejs\\;c:\\Program Files\\nodejs;c:\\Users\\Janaka\\AppData\\Local\\Android\\sdk\\platform-tools;c:\\Users\\Janaka\\AppData\\Local\\Android\\sdk\\tools;c:\\Program Files\\Java\\jdk1.8.0_45\\bin;c:\\Program Files (x86)\\Common Files\\lenovo\\easyplussdk\\bin;c:\\Program Files (x86)\\Wave Engine\\Tools\\AssetsExporter;c:\\Users\\Janaka\\AppData\\Roaming\\npm'
    'PATHEXT' => '.COM;.EXE;.BAT;.CMD;.VBS;.VBE;.JS;.JSE;.WSF;.WSH;.MSC'
    'PLINK_PROTOCOL' => 'ssh'
    'PROCESSOR_ARCHITECTURE' => 'x86'
    'PROCESSOR_ARCHITEW6432' => 'AMD64'
    'PROCESSOR_IDENTIFIER' => 'Intel64 Family 6 Model 69 Stepping 1, GenuineIntel'
    'PROCESSOR_LEVEL' => '6'
    'PROCESSOR_REVISION' => '4501'
    'PROGRAMDATA' => 'C:\\ProgramData'
    'PROGRAMFILES(X86)' => 'C:\\Program Files (x86)'
    'PROGRAMFILES' => 'C:\\Program Files (x86)'
    'PROGRAMW6432' => 'C:\\Program Files'
    'PROMPT' => '$P$G'
    'PSMODULEPATH' => 'C:\\Windows\\system32\\WindowsPowerShell\\v1.0\\Modules\\'
    'PUBLIC' => 'C:\\Users\\Public'
    'PWD' => 'c:/xampp/htdocs/ACCIMT-PRIS/src/advanced'
    'SESSIONNAME' => 'Console'
    'SHLVL' => '2'
    'SYSTEMDRIVE' => 'C:'
    'SYSTEMROOT' => 'C:\\Windows'
    'TEMP' => 'C:/Users/Janaka/AppData/Local/Temp'
    'TERM' => 'cygwin'
    'TMP' => 'C:/Users/Janaka/AppData/Local/Temp'
    'USERDOMAIN' => 'janakact-pc'
    'USERDOMAIN_ROAMINGPROFILE' => 'janakact-pc'
    'USERNAME' => 'Janaka'
    'USERPROFILE' => 'C:\\Users\\Janaka'
    'VS110COMNTOOLS' => 'C:\\Program Files (x86)\\Microsoft Visual Studio 11.0\\Common7\\Tools\\'
    'VS120COMNTOOLS' => 'C:\\Program Files (x86)\\Microsoft Visual Studio 12.0\\Common7\\Tools\\'
    'WAVEENGINE' => 'C:\\Program Files (x86)\\Wave Engine\\'
    'WINDIR' => 'C:\\Windows'
    '_' => 'c:/xampp/php/php'
    'PHP_SELF' => 'yii'
    'SCRIPT_NAME' => 'yii'
    'SCRIPT_FILENAME' => 'yii'
    'PATH_TRANSLATED' => 'yii'
    'DOCUMENT_ROOT' => ''
    'REQUEST_TIME_FLOAT' => 1438892307.055
    'REQUEST_TIME' => 1438892307
    'argv' => [
        0 => 'yii'
        1 => 'migrate'
    ]
    'argc' => 2
]
2015-08-06 22:19:54 [-][-][-][error][yii\db\Exception] exception 'PDOException' with message 'SQLSTATE[HY000] [1049] Unknown database 'pris_advanced'' in C:\xampp\htdocs\ACCIMT-PRIS\src\advanced\vendor\yiisoft\yii2\db\Connection.php:579
Stack trace:
#0 C:\xampp\htdocs\ACCIMT-PRIS\src\advanced\vendor\yiisoft\yii2\db\Connection.php(579): PDO->__construct('mysql:host=loca...', 'root', '', NULL)
#1 C:\xampp\htdocs\ACCIMT-PRIS\src\advanced\vendor\yiisoft\yii2\db\Connection.php(529): yii\db\Connection->createPdoInstance()
#2 C:\xampp\htdocs\ACCIMT-PRIS\src\advanced\vendor\yiisoft\yii2\db\Connection.php(836): yii\db\Connection->open()
#3 C:\xampp\htdocs\ACCIMT-PRIS\src\advanced\vendor\yiisoft\yii2\db\Connection.php(823): yii\db\Connection->getMasterPdo()
#4 C:\xampp\htdocs\ACCIMT-PRIS\src\advanced\vendor\yiisoft\yii2\db\Command.php(216): yii\db\Connection->getSlavePdo()
#5 C:\xampp\htdocs\ACCIMT-PRIS\src\advanced\vendor\yiisoft\yii2\db\Command.php(831): yii\db\Command->prepare(true)
#6 C:\xampp\htdocs\ACCIMT-PRIS\src\advanced\vendor\yiisoft\yii2\db\Command.php(359): yii\db\Command->queryInternal('fetchAll', NULL)
#7 C:\xampp\htdocs\ACCIMT-PRIS\src\advanced\vendor\yiisoft\yii2\db\mysql\Schema.php(198): yii\db\Command->queryAll()
#8 C:\xampp\htdocs\ACCIMT-PRIS\src\advanced\vendor\yiisoft\yii2\db\mysql\Schema.php(97): yii\db\mysql\Schema->findColumns(Object(yii\db\TableSchema))
#9 C:\xampp\htdocs\ACCIMT-PRIS\src\advanced\vendor\yiisoft\yii2\db\Schema.php(146): yii\db\mysql\Schema->loadTableSchema('migration')
#10 C:\xampp\htdocs\ACCIMT-PRIS\src\advanced\vendor\yiisoft\yii2\console\controllers\MigrateController.php(121): yii\db\Schema->getTableSchema('{{%migration}}', true)
#11 C:\xampp\htdocs\ACCIMT-PRIS\src\advanced\vendor\yiisoft\yii2\console\controllers\BaseMigrateController.php(610): yii\console\controllers\MigrateController->getMigrationHistory(NULL)
#12 C:\xampp\htdocs\ACCIMT-PRIS\src\advanced\vendor\yiisoft\yii2\console\controllers\BaseMigrateController.php(102): yii\console\controllers\BaseMigrateController->getNewMigrations()
#13 [internal function]: yii\console\controllers\BaseMigrateController->actionUp(0)
#14 C:\xampp\htdocs\ACCIMT-PRIS\src\advanced\vendor\yiisoft\yii2\base\InlineAction.php(55): call_user_func_array(Array, Array)
#15 C:\xampp\htdocs\ACCIMT-PRIS\src\advanced\vendor\yiisoft\yii2\base\Controller.php(151): yii\base\InlineAction->runWithParams(Array)
#16 C:\xampp\htdocs\ACCIMT-PRIS\src\advanced\vendor\yiisoft\yii2\console\Controller.php(91): yii\base\Controller->runAction('', Array)
#17 C:\xampp\htdocs\ACCIMT-PRIS\src\advanced\vendor\yiisoft\yii2\base\Module.php(455): yii\console\Controller->runAction('', Array)
#18 C:\xampp\htdocs\ACCIMT-PRIS\src\advanced\vendor\yiisoft\yii2\console\Application.php(167): yii\base\Module->runAction('migrate', Array)
#19 C:\xampp\htdocs\ACCIMT-PRIS\src\advanced\vendor\yiisoft\yii2\console\Application.php(143): yii\console\Application->runAction('migrate', Array)
#20 C:\xampp\htdocs\ACCIMT-PRIS\src\advanced\vendor\yiisoft\yii2\base\Application.php(375): yii\console\Application->handleRequest(Object(yii\console\Request))
#21 C:\xampp\htdocs\ACCIMT-PRIS\src\advanced\yii(27): yii\base\Application->run()
#22 {main}

Next exception 'yii\db\Exception' with message 'SQLSTATE[HY000] [1049] Unknown database 'pris_advanced'' in C:\xampp\htdocs\ACCIMT-PRIS\src\advanced\vendor\yiisoft\yii2\db\Connection.php:534
Stack trace:
#0 C:\xampp\htdocs\ACCIMT-PRIS\src\advanced\vendor\yiisoft\yii2\db\Connection.php(836): yii\db\Connection->open()
#1 C:\xampp\htdocs\ACCIMT-PRIS\src\advanced\vendor\yiisoft\yii2\db\Connection.php(823): yii\db\Connection->getMasterPdo()
#2 C:\xampp\htdocs\ACCIMT-PRIS\src\advanced\vendor\yiisoft\yii2\db\Command.php(216): yii\db\Connection->getSlavePdo()
#3 C:\xampp\htdocs\ACCIMT-PRIS\src\advanced\vendor\yiisoft\yii2\db\Command.php(831): yii\db\Command->prepare(true)
#4 C:\xampp\htdocs\ACCIMT-PRIS\src\advanced\vendor\yiisoft\yii2\db\Command.php(359): yii\db\Command->queryInternal('fetchAll', NULL)
#5 C:\xampp\htdocs\ACCIMT-PRIS\src\advanced\vendor\yiisoft\yii2\db\mysql\Schema.php(198): yii\db\Command->queryAll()
#6 C:\xampp\htdocs\ACCIMT-PRIS\src\advanced\vendor\yiisoft\yii2\db\mysql\Schema.php(97): yii\db\mysql\Schema->findColumns(Object(yii\db\TableSchema))
#7 C:\xampp\htdocs\ACCIMT-PRIS\src\advanced\vendor\yiisoft\yii2\db\Schema.php(146): yii\db\mysql\Schema->loadTableSchema('migration')
#8 C:\xampp\htdocs\ACCIMT-PRIS\src\advanced\vendor\yiisoft\yii2\console\controllers\MigrateController.php(121): yii\db\Schema->getTableSchema('{{%migration}}', true)
#9 C:\xampp\htdocs\ACCIMT-PRIS\src\advanced\vendor\yiisoft\yii2\console\controllers\BaseMigrateController.php(610): yii\console\controllers\MigrateController->getMigrationHistory(NULL)
#10 C:\xampp\htdocs\ACCIMT-PRIS\src\advanced\vendor\yiisoft\yii2\console\controllers\BaseMigrateController.php(102): yii\console\controllers\BaseMigrateController->getNewMigrations()
#11 [internal function]: yii\console\controllers\BaseMigrateController->actionUp(0)
#12 C:\xampp\htdocs\ACCIMT-PRIS\src\advanced\vendor\yiisoft\yii2\base\InlineAction.php(55): call_user_func_array(Array, Array)
#13 C:\xampp\htdocs\ACCIMT-PRIS\src\advanced\vendor\yiisoft\yii2\base\Controller.php(151): yii\base\InlineAction->runWithParams(Array)
#14 C:\xampp\htdocs\ACCIMT-PRIS\src\advanced\vendor\yiisoft\yii2\console\Controller.php(91): yii\base\Controller->runAction('', Array)
#15 C:\xampp\htdocs\ACCIMT-PRIS\src\advanced\vendor\yiisoft\yii2\base\Module.php(455): yii\console\Controller->runAction('', Array)
#16 C:\xampp\htdocs\ACCIMT-PRIS\src\advanced\vendor\yiisoft\yii2\console\Application.php(167): yii\base\Module->runAction('migrate', Array)
#17 C:\xampp\htdocs\ACCIMT-PRIS\src\advanced\vendor\yiisoft\yii2\console\Application.php(143): yii\console\Application->runAction('migrate', Array)
#18 C:\xampp\htdocs\ACCIMT-PRIS\src\advanced\vendor\yiisoft\yii2\base\Application.php(375): yii\console\Application->handleRequest(Object(yii\console\Request))
#19 C:\xampp\htdocs\ACCIMT-PRIS\src\advanced\yii(27): yii\base\Application->run()
#20 {main}
Additional Information:

2015-08-06 22:19:54 [-][-][-][info][application] $_SERVER = [
    '!::' => '::\\'
    'ALLUSERSPROFILE' => 'C:\\ProgramData'
    'APPDATA' => 'C:\\Users\\Janaka\\AppData\\Roaming'
    'COMMONPROGRAMFILES(X86)' => 'C:\\Program Files (x86)\\Common Files'
    'COMMONPROGRAMFILES' => 'C:\\Program Files (x86)\\Common Files'
    'COMMONPROGRAMW6432' => 'C:\\Program Files\\Common Files'
    'COMPUTERNAME' => 'JANAKACT-PC'
    'COMSPEC' => 'C:\\Windows\\system32\\cmd.exe'
    'EASYPLUSSDK' => '\"C:\\Program Files (x86)\\Common Files\\lenovo\\easyplussdk\\bin\"'
    'FP_NO_HOST_CHECK' => 'NO'
    'GNUPGHOME' => 'c:/Users/Janaka/.gnupg'
    'GTK_BASEPATH' => 'C:\\Program Files (x86)\\GtkSharp\\2.12\\'
    'HISTFILE' => 'c:/Users/Janaka/.bash_history'
    'HOME' => 'c:/Users/Janaka'
    'HOMEDRIVE' => 'C:'
    'HOMEPATH' => '\\Users\\Janaka'
    'INPUTRC' => 'C:/Program Files (x86)/Git/etc/inputrc'
    'LESS' => '-FRSX'
    'LESSCHARSET' => 'utf-8'
    'LOCALAPPDATA' => 'C:\\Users\\Janaka\\AppData\\Local'
    'LOGNAME' => 'Janaka'
    'LOGONSERVER' => '\\\\JANAKACT-PC'
    'MAKE_MODE' => 'unix'
    'MSYSTEM' => 'MINGW32'
    'NUMBER_OF_PROCESSORS' => '4'
    'OLDPWD' => 'c:/xampp/htdocs/ACCIMT-PRIS'
    'OS' => 'Windows_NT'
    'PATH' => 'c:\\Users\\Janaka\\bin;.;C:\\Program Files (x86)\\Git\\local\\bin;C:\\Program Files (x86)\\Git\\mingw\\bin;C:\\Program Files (x86)\\Git\\bin;C:\\Program Files (x86)\\Git\\bin;c:\\ProgramData\\Oracle\\Java\\javapath;c:\\Program Files (x86)\\NVIDIA Corporation\\PhysX\\Common;c:\\Program Files (x86)\\Intel\\iCLS Client\\;c:\\Program Files\\Intel\\iCLS Client\\;c:\\Windows\\system32;c:\\Windows;c:\\Windows\\System32\\Wbem;c:\\Windows\\System32\\WindowsPowerShell\\v1.0\\;c:\\Program Files\\Intel\\Intel(R) Management Engine Components\\DAL;c:\\Program Files\\Intel\\Intel(R) Management Engine Components\\IPT;c:\\Program Files (x86)\\Intel\\Intel(R) Management Engine Components\\DAL;c:\\Program Files (x86)\\Intel\\Intel(R) Management Engine Components\\IPT;c:\\Program Files (x86)\\Intel\\OpenCL SDK\\3.0\\bin\\x86;c:\\Program Files (x86)\\Intel\\OpenCL SDK\\3.0\\bin\\x64;C:\\Program Files (x86)\\Git\\cmd;c:\\xampp\\php;c:\\Program Files (x86)\\Windows Kits\\8.1\\Windows Performance Toolkit\\;c:\\Program Files\\Microsoft SQL Server\\110\\Tools\\Binn\\;c:\\Program Files (x86)\\Microsoft SDKs\\TypeScript\\1.0\\;c:\\xampp\\mysql\\bin;c:\\Program Files (x86)\\GtkSharp\\2.12\\bin;c:\\ant\\bin;c:\\Program Files\\nodejs\\;c:\\Program Files\\nodejs;c:\\Users\\Janaka\\AppData\\Local\\Android\\sdk\\platform-tools;c:\\Users\\Janaka\\AppData\\Local\\Android\\sdk\\tools;c:\\Program Files\\Java\\jdk1.8.0_45\\bin;c:\\Program Files (x86)\\Common Files\\lenovo\\easyplussdk\\bin;c:\\Program Files (x86)\\Wave Engine\\Tools\\AssetsExporter;c:\\Users\\Janaka\\AppData\\Roaming\\npm'
    'PATHEXT' => '.COM;.EXE;.BAT;.CMD;.VBS;.VBE;.JS;.JSE;.WSF;.WSH;.MSC'
    'PLINK_PROTOCOL' => 'ssh'
    'PROCESSOR_ARCHITECTURE' => 'x86'
    'PROCESSOR_ARCHITEW6432' => 'AMD64'
    'PROCESSOR_IDENTIFIER' => 'Intel64 Family 6 Model 69 Stepping 1, GenuineIntel'
    'PROCESSOR_LEVEL' => '6'
    'PROCESSOR_REVISION' => '4501'
    'PROGRAMDATA' => 'C:\\ProgramData'
    'PROGRAMFILES(X86)' => 'C:\\Program Files (x86)'
    'PROGRAMFILES' => 'C:\\Program Files (x86)'
    'PROGRAMW6432' => 'C:\\Program Files'
    'PROMPT' => '$P$G'
    'PSMODULEPATH' => 'C:\\Windows\\system32\\WindowsPowerShell\\v1.0\\Modules\\'
    'PUBLIC' => 'C:\\Users\\Public'
    'PWD' => 'c:/xampp/htdocs/ACCIMT-PRIS/src/advanced'
    'SESSIONNAME' => 'Console'
    'SHLVL' => '2'
    'SYSTEMDRIVE' => 'C:'
    'SYSTEMROOT' => 'C:\\Windows'
    'TEMP' => 'C:/Users/Janaka/AppData/Local/Temp'
    'TERM' => 'cygwin'
    'TMP' => 'C:/Users/Janaka/AppData/Local/Temp'
    'USERDOMAIN' => 'janakact-pc'
    'USERDOMAIN_ROAMINGPROFILE' => 'janakact-pc'
    'USERNAME' => 'Janaka'
    'USERPROFILE' => 'C:\\Users\\Janaka'
    'VS110COMNTOOLS' => 'C:\\Program Files (x86)\\Microsoft Visual Studio 11.0\\Common7\\Tools\\'
    'VS120COMNTOOLS' => 'C:\\Program Files (x86)\\Microsoft Visual Studio 12.0\\Common7\\Tools\\'
    'WAVEENGINE' => 'C:\\Program Files (x86)\\Wave Engine\\'
    'WINDIR' => 'C:\\Windows'
    '_' => 'c:/xampp/php/php'
    'PHP_SELF' => 'yii'
    'SCRIPT_NAME' => 'yii'
    'SCRIPT_FILENAME' => 'yii'
    'PATH_TRANSLATED' => 'yii'
    'DOCUMENT_ROOT' => ''
    'REQUEST_TIME_FLOAT' => 1438892394.4409
    'REQUEST_TIME' => 1438892394
    'argv' => [
        0 => 'yii'
        1 => 'migrate'
    ]
    'argc' => 2
]
2015-08-16 06:20:30 [-][-][-][error][yii\db\Exception] exception 'PDOException' with message 'SQLSTATE[42S01]: Base table or view already exists: 1050 Table 'user' already exists' in C:\xampp\htdocs\ACCIMT-PRIS-NEW\src\advanced\vendor\yiisoft\yii2\db\Command.php:781
Stack trace:
#0 C:\xampp\htdocs\ACCIMT-PRIS-NEW\src\advanced\vendor\yiisoft\yii2\db\Command.php(781): PDOStatement->execute()
#1 C:\xampp\htdocs\ACCIMT-PRIS-NEW\src\advanced\vendor\yiisoft\yii2\db\Migration.php(260): yii\db\Command->execute()
#2 C:\xampp\htdocs\ACCIMT-PRIS-NEW\src\advanced\console\migrations\m130524_201442_init.php(27): yii\db\Migration->createTable('{{%user}}', Array, 'CHARACTER SET u...')
#3 C:\xampp\htdocs\ACCIMT-PRIS-NEW\src\advanced\vendor\yiisoft\yii2\console\controllers\BaseMigrateController.php(492): m130524_201442_init->up()
#4 C:\xampp\htdocs\ACCIMT-PRIS-NEW\src\advanced\vendor\yiisoft\yii2\console\controllers\BaseMigrateController.php(129): yii\console\controllers\BaseMigrateController->migrateUp('m130524_201442_...')
#5 [internal function]: yii\console\controllers\BaseMigrateController->actionUp(0)
#6 C:\xampp\htdocs\ACCIMT-PRIS-NEW\src\advanced\vendor\yiisoft\yii2\base\InlineAction.php(55): call_user_func_array(Array, Array)
#7 C:\xampp\htdocs\ACCIMT-PRIS-NEW\src\advanced\vendor\yiisoft\yii2\base\Controller.php(151): yii\base\InlineAction->runWithParams(Array)
#8 C:\xampp\htdocs\ACCIMT-PRIS-NEW\src\advanced\vendor\yiisoft\yii2\console\Controller.php(91): yii\base\Controller->runAction('', Array)
#9 C:\xampp\htdocs\ACCIMT-PRIS-NEW\src\advanced\vendor\yiisoft\yii2\base\Module.php(455): yii\console\Controller->runAction('', Array)
#10 C:\xampp\htdocs\ACCIMT-PRIS-NEW\src\advanced\vendor\yiisoft\yii2\console\Application.php(167): yii\base\Module->runAction('migrate', Array)
#11 C:\xampp\htdocs\ACCIMT-PRIS-NEW\src\advanced\vendor\yiisoft\yii2\console\Application.php(143): yii\console\Application->runAction('migrate', Array)
#12 C:\xampp\htdocs\ACCIMT-PRIS-NEW\src\advanced\vendor\yiisoft\yii2\base\Application.php(375): yii\console\Application->handleRequest(Object(yii\console\Request))
#13 C:\xampp\htdocs\ACCIMT-PRIS-NEW\src\advanced\yii(27): yii\base\Application->run()
#14 {main}

Next exception 'yii\db\Exception' with message 'SQLSTATE[42S01]: Base table or view already exists: 1050 Table 'user' already exists
The SQL being executed was: CREATE TABLE `user` (
	`id` int(11) NOT NULL AUTO_INCREMENT PRIMARY KEY,
	`username` varchar(255) NOT NULL UNIQUE,
	`auth_key` varchar(32) NOT NULL,
	`password_hash` varchar(255) NOT NULL,
	`password_reset_token` varchar(255) UNIQUE,
	`email` varchar(255) NOT NULL UNIQUE,
	`status` smallint(6) NOT NULL DEFAULT 10,
	`created_at` int(11) NOT NULL,
	`updated_at` int(11) NOT NULL
) CHARACTER SET utf8 COLLATE utf8_unicode_ci ENGINE=InnoDB' in C:\xampp\htdocs\ACCIMT-PRIS-NEW\src\advanced\vendor\yiisoft\yii2\db\Schema.php:628
Stack trace:
#0 C:\xampp\htdocs\ACCIMT-PRIS-NEW\src\advanced\vendor\yiisoft\yii2\db\Command.php(791): yii\db\Schema->convertException(Object(PDOException), 'CREATE TABLE `u...')
#1 C:\xampp\htdocs\ACCIMT-PRIS-NEW\src\advanced\vendor\yiisoft\yii2\db\Migration.php(260): yii\db\Command->execute()
#2 C:\xampp\htdocs\ACCIMT-PRIS-NEW\src\advanced\console\migrations\m130524_201442_init.php(27): yii\db\Migration->createTable('{{%user}}', Array, 'CHARACTER SET u...')
#3 C:\xampp\htdocs\ACCIMT-PRIS-NEW\src\advanced\vendor\yiisoft\yii2\console\controllers\BaseMigrateController.php(492): m130524_201442_init->up()
#4 C:\xampp\htdocs\ACCIMT-PRIS-NEW\src\advanced\vendor\yiisoft\yii2\console\controllers\BaseMigrateController.php(129): yii\console\controllers\BaseMigrateController->migrateUp('m130524_201442_...')
#5 [internal function]: yii\console\controllers\BaseMigrateController->actionUp(0)
#6 C:\xampp\htdocs\ACCIMT-PRIS-NEW\src\advanced\vendor\yiisoft\yii2\base\InlineAction.php(55): call_user_func_array(Array, Array)
#7 C:\xampp\htdocs\ACCIMT-PRIS-NEW\src\advanced\vendor\yiisoft\yii2\base\Controller.php(151): yii\base\InlineAction->runWithParams(Array)
#8 C:\xampp\htdocs\ACCIMT-PRIS-NEW\src\advanced\vendor\yiisoft\yii2\console\Controller.php(91): yii\base\Controller->runAction('', Array)
#9 C:\xampp\htdocs\ACCIMT-PRIS-NEW\src\advanced\vendor\yiisoft\yii2\base\Module.php(455): yii\console\Controller->runAction('', Array)
#10 C:\xampp\htdocs\ACCIMT-PRIS-NEW\src\advanced\vendor\yiisoft\yii2\console\Application.php(167): yii\base\Module->runAction('migrate', Array)
#11 C:\xampp\htdocs\ACCIMT-PRIS-NEW\src\advanced\vendor\yiisoft\yii2\console\Application.php(143): yii\console\Application->runAction('migrate', Array)
#12 C:\xampp\htdocs\ACCIMT-PRIS-NEW\src\advanced\vendor\yiisoft\yii2\base\Application.php(375): yii\console\Application->handleRequest(Object(yii\console\Request))
#13 C:\xampp\htdocs\ACCIMT-PRIS-NEW\src\advanced\yii(27): yii\base\Application->run()
#14 {main}
Additional Information:
Array
(
    [0] => 42S01
    [1] => 1050
    [2] => Table 'user' already exists
)

2015-08-16 06:20:22 [-][-][-][info][application] $_SERVER = [
    '!::' => '::\\'
    'ALLUSERSPROFILE' => 'C:\\ProgramData'
    'APPDATA' => 'C:\\Users\\Janaka\\AppData\\Roaming'
    'COMMONPROGRAMFILES(X86)' => 'C:\\Program Files (x86)\\Common Files'
    'COMMONPROGRAMFILES' => 'C:\\Program Files (x86)\\Common Files'
    'COMMONPROGRAMW6432' => 'C:\\Program Files\\Common Files'
    'COMPUTERNAME' => 'JANAKACT-PC'
    'COMSPEC' => 'C:\\Windows\\system32\\cmd.exe'
    'EASYPLUSSDK' => '\"C:\\Program Files (x86)\\Common Files\\lenovo\\easyplussdk\\bin\"'
    'FP_NO_HOST_CHECK' => 'NO'
    'GNUPGHOME' => 'c:/Users/Janaka/.gnupg'
    'GTK_BASEPATH' => 'C:\\Program Files (x86)\\GtkSharp\\2.12\\'
    'HISTFILE' => 'c:/Users/Janaka/.bash_history'
    'HOME' => 'c:/Users/Janaka'
    'HOMEDRIVE' => 'C:'
    'HOMEPATH' => '\\Users\\Janaka'
    'INPUTRC' => 'C:/Program Files (x86)/Git/etc/inputrc'
    'LESS' => '-FRSX'
    'LESSCHARSET' => 'utf-8'
    'LOCALAPPDATA' => 'C:\\Users\\Janaka\\AppData\\Local'
    'LOGNAME' => 'Janaka'
    'LOGONSERVER' => '\\\\JANAKACT-PC'
    'MAKE_MODE' => 'unix'
    'MSYSTEM' => 'MINGW32'
    'NUMBER_OF_PROCESSORS' => '4'
    'OS' => 'Windows_NT'
    'PATH' => 'c:\\Users\\Janaka\\bin;.;C:\\Program Files (x86)\\Git\\local\\bin;C:\\Program Files (x86)\\Git\\mingw\\bin;C:\\Program Files (x86)\\Git\\bin;C:\\Program Files (x86)\\Git\\bin;c:\\ProgramData\\Oracle\\Java\\javapath;c:\\Program Files (x86)\\NVIDIA Corporation\\PhysX\\Common;c:\\Program Files (x86)\\Intel\\iCLS Client\\;c:\\Program Files\\Intel\\iCLS Client\\;c:\\Windows\\system32;c:\\Windows;c:\\Windows\\System32\\Wbem;c:\\Windows\\System32\\WindowsPowerShell\\v1.0\\;c:\\Program Files\\Intel\\Intel(R) Management Engine Components\\DAL;c:\\Program Files\\Intel\\Intel(R) Management Engine Components\\IPT;c:\\Program Files (x86)\\Intel\\Intel(R) Management Engine Components\\DAL;c:\\Program Files (x86)\\Intel\\Intel(R) Management Engine Components\\IPT;c:\\Program Files (x86)\\Intel\\OpenCL SDK\\3.0\\bin\\x86;c:\\Program Files (x86)\\Intel\\OpenCL SDK\\3.0\\bin\\x64;C:\\Program Files (x86)\\Git\\cmd;c:\\xampp\\php;c:\\Program Files (x86)\\Windows Kits\\8.1\\Windows Performance Toolkit\\;c:\\Program Files\\Microsoft SQL Server\\110\\Tools\\Binn\\;c:\\Program Files (x86)\\Microsoft SDKs\\TypeScript\\1.0\\;c:\\xampp\\mysql\\bin;c:\\Program Files (x86)\\GtkSharp\\2.12\\bin;c:\\ant\\bin;c:\\Program Files\\nodejs\\;c:\\Program Files\\nodejs;c:\\Users\\Janaka\\AppData\\Local\\Android\\sdk\\platform-tools;c:\\Users\\Janaka\\AppData\\Local\\Android\\sdk\\tools;c:\\Program Files\\Java\\jdk1.8.0_45\\bin;c:\\Program Files (x86)\\Common Files\\lenovo\\easyplussdk\\bin;c:\\Program Files (x86)\\Wave Engine\\Tools\\AssetsExporter;c:\\Users\\Janaka\\AppData\\Roaming\\npm'
    'PATHEXT' => '.COM;.EXE;.BAT;.CMD;.VBS;.VBE;.JS;.JSE;.WSF;.WSH;.MSC'
    'PLINK_PROTOCOL' => 'ssh'
    'PROCESSOR_ARCHITECTURE' => 'x86'
    'PROCESSOR_ARCHITEW6432' => 'AMD64'
    'PROCESSOR_IDENTIFIER' => 'Intel64 Family 6 Model 69 Stepping 1, GenuineIntel'
    'PROCESSOR_LEVEL' => '6'
    'PROCESSOR_REVISION' => '4501'
    'PROGRAMDATA' => 'C:\\ProgramData'
    'PROGRAMFILES(X86)' => 'C:\\Program Files (x86)'
    'PROGRAMFILES' => 'C:\\Program Files (x86)'
    'PROGRAMW6432' => 'C:\\Program Files'
    'PROMPT' => '$P$G'
    'PSMODULEPATH' => 'C:\\Windows\\system32\\WindowsPowerShell\\v1.0\\Modules\\'
    'PUBLIC' => 'C:\\Users\\Public'
    'PWD' => 'c:/xampp/htdocs/ACCIMT-PRIS-NEW/src/advanced'
    'SESSIONNAME' => 'Console'
    'SHLVL' => '2'
    'SYSTEMDRIVE' => 'C:'
    'SYSTEMROOT' => 'C:\\Windows'
    'TEMP' => 'C:/Users/Janaka/AppData/Local/Temp'
    'TERM' => 'cygwin'
    'TMP' => 'C:/Users/Janaka/AppData/Local/Temp'
    'USERDOMAIN' => 'janakact-pc'
    'USERDOMAIN_ROAMINGPROFILE' => 'janakact-pc'
    'USERNAME' => 'Janaka'
    'USERPROFILE' => 'C:\\Users\\Janaka'
    'VS110COMNTOOLS' => 'C:\\Program Files (x86)\\Microsoft Visual Studio 11.0\\Common7\\Tools\\'
    'VS120COMNTOOLS' => 'C:\\Program Files (x86)\\Microsoft Visual Studio 12.0\\Common7\\Tools\\'
    'WAVEENGINE' => 'C:\\Program Files (x86)\\Wave Engine\\'
    'WINDIR' => 'C:\\Windows'
    '_' => 'c:/xampp/php/php'
    'PHP_SELF' => 'yii'
    'SCRIPT_NAME' => 'yii'
    'SCRIPT_FILENAME' => 'yii'
    'PATH_TRANSLATED' => 'yii'
    'DOCUMENT_ROOT' => ''
    'REQUEST_TIME_FLOAT' => 1439698822.7099
    'REQUEST_TIME' => 1439698822
    'argv' => [
        0 => 'yii'
        1 => 'migrate'
    ]
    'argc' => 2
]
